<?xml version="1.0" ?>
<!DOCTYPE coverage
  SYSTEM 'http://cobertura.sourceforge.net/xml/coverage-04.dtd'>
<coverage branch-rate="0.0" branches-covered="0" branches-valid="0" complexity="0" line-rate="0.4439602579745512" lines-covered="2547" lines-valid="5737" timestamp="1489775529" version="2.0.3">
	<sources>
		<source>.</source>
	</sources>
	<packages>
		<package branch-rate="0.0" complexity="0" line-rate="0.3947078280044101" name="......catch">
			<classes>
				<class branch-rate="0.0" complexity="0" filename="../../catch/catch.hpp" line-rate="0.7916666666666666" name="......catch.catch.hpp">
					<methods>
						<method branch-rate="1.0" line-rate="1.0" name="_ZN5Catch6isTrueEb" signature="">
							<lines>
								<line branch="false" hits="4" number="471"/>
							</lines>
						</method>
						<method branch-rate="1.0" line-rate="1.0" name="_ZN5Catch11NameAndDescC2EPKcS2_" signature="">
							<lines>
								<line branch="false" hits="2" number="720"/>
							</lines>
						</method>
						<method branch-rate="1.0" line-rate="1.0" name="_ZN5Catch20DecomposedExpressionC2Ev" signature="">
							<lines>
								<line branch="false" hits="8" number="895"/>
							</lines>
						</method>
						<method branch-rate="0.0" line-rate="0.0" name="_ZN5Catch20DecomposedExpressionD0Ev" signature="">
							<lines>
								<line branch="false" hits="0" number="897"/>
							</lines>
						</method>
						<method branch-rate="1.0" line-rate="1.0" name="_ZN5Catch20DecomposedExpressionD2Ev" signature="">
							<lines>
								<line branch="false" hits="8" number="897"/>
							</lines>
						</method>
						<method branch-rate="0.0" line-rate="0.0" name="_ZNK5Catch20DecomposedExpression18isBinaryExpressionEv" signature="">
							<lines>
								<line branch="false" hits="0" number="898"/>
							</lines>
						</method>
						<method branch-rate="1.0" line-rate="1.0" name="_ZN5Catch13AssertionInfoD2Ev" signature="">
							<lines>
								<line branch="false" hits="26" number="917"/>
							</lines>
						</method>
						<method branch-rate="1.0" line-rate="1.0" name="_ZN5Catch19AssertionResultDataD2Ev" signature="">
							<lines>
								<line branch="false" hits="23" number="931"/>
							</lines>
						</method>
						<method branch-rate="1.0" line-rate="1.0" name="_ZN5Catch14CopyableStreamD2Ev" signature="">
							<lines>
								<line branch="false" hits="4" number="1167"/>
							</lines>
						</method>
						<method branch-rate="0.0" line-rate="0.0" name="_ZN5Catch13ResultBuilderD0Ev" signature="">
							<lines>
								<line branch="false" hits="0" number="1180"/>
							</lines>
						</method>
						<method branch-rate="1.0" line-rate="1.0" name="_ZN5Catch13ResultBuilderD2Ev" signature="">
							<lines>
								<line branch="false" hits="4" number="1180"/>
							</lines>
						</method>
						<method branch-rate="0.0" line-rate="0.0" name="_ZN5Catch13ExpressionLhsIbED0Ev" signature="">
							<lines>
								<line branch="false" hits="0" number="1755"/>
							</lines>
						</method>
						<method branch-rate="1.0" line-rate="1.0" name="_ZN5Catch13ExpressionLhsIbED2Ev" signature="">
							<lines>
								<line branch="false" hits="4" number="1755"/>
							</lines>
						</method>
						<method branch-rate="1.0" line-rate="1.0" name="_ZN5Catch13ExpressionLhsIbEC2ERNS_13ResultBuilderEb" signature="">
							<lines>
								<line branch="false" hits="4" number="1757"/>
							</lines>
						</method>
						<method branch-rate="1.0" line-rate="1.0" name="_ZN5Catch13ExpressionLhsIbE13endExpressionEv" signature="">
							<lines>
								<line branch="false" hits="4" number="1805"/>
							</lines>
						</method>
						<method branch-rate="0.0" line-rate="0.0" name="_ZNK5Catch13ExpressionLhsIbE21reconstructExpressionERSs" signature="">
							<lines>
								<line branch="false" hits="0" number="1812"/>
							</lines>
						</method>
						<method branch-rate="1.0" line-rate="1.0" name="_ZN5Catch13ResultBuilderleEb" signature="">
							<lines>
								<line branch="false" hits="4" number="1911"/>
							</lines>
						</method>
					</methods>
					<lines>
						<line branch="false" hits="4" number="471"/>
						<line branch="false" hits="2" number="720"/>
						<line branch="false" hits="2" number="721"/>
						<line branch="false" hits="2" number="722"/>
						<line branch="false" hits="8" number="895"/>
						<line branch="false" hits="8" number="897"/>
						<line branch="false" hits="0" number="898"/>
						<line branch="false" hits="0" number="899"/>
						<line branch="false" hits="26" number="917"/>
						<line branch="false" hits="23" number="931"/>
						<line branch="false" hits="4" number="1167"/>
						<line branch="false" hits="4" number="1180"/>
						<line branch="false" hits="4" number="1755"/>
						<line branch="false" hits="4" number="1757"/>
						<line branch="false" hits="4" number="1805"/>
						<line branch="false" hits="4" number="1806"/>
						<line branch="false" hits="4" number="1807"/>
						<line branch="false" hits="4" number="1808"/>
						<line branch="false" hits="4" number="1810"/>
						<line branch="false" hits="0" number="1812"/>
						<line branch="false" hits="0" number="1813"/>
						<line branch="false" hits="0" number="1814"/>
						<line branch="false" hits="4" number="1911"/>
						<line branch="false" hits="4" number="1912"/>
					</lines>
				</class>
			</classes>
		</package>
		<package branch-rate="0.0" complexity="0" line-rate="0.0" name=".....................opt.Programs.buildroot-at91.output.host.usr.arm-buildroot-linux-gnueabi.include.c++.4.8.2.arm-buildroot-linux-gnueabi.bits">
			<classes>
				<class branch-rate="0.0" complexity="0" filename="../../../../../../../opt/Programs/buildroot-at91/output/host/usr/arm-buildroot-linux-gnueabi/include/c++/4.8.2/arm-buildroot-linux-gnueabi/bits/gthr-default.h" line-rate="0.0" name=".....................opt.Programs.buildroot-at91.output.host.usr.arm-buildroot-linux-gnueabi.include.c++.4.8.2.arm-buildroot-linux-gnueabi.bits.gthr-default.h">
					<methods>
						<method branch-rate="0.0" line-rate="0.0" name="_ZL18__gthread_active_pv" signature="">
							<lines>
								<line branch="false" hits="0" number="247"/>
							</lines>
						</method>
					</methods>
					<lines>
						<line branch="false" hits="0" number="247"/>
						<line branch="false" hits="0" number="251"/>
					</lines>
				</class>
			</classes>
		</package>
		<package branch-rate="0.0" complexity="0" line-rate="0.507908611599297" name=".....................opt.Programs.buildroot-at91.output.host.usr.arm-buildroot-linux-gnueabi.include.c++.4.8.2.bits">
			<classes>
				<class branch-rate="0.0" complexity="0" filename="../../../../../../../opt/Programs/buildroot-at91/output/host/usr/arm-buildroot-linux-gnueabi/include/c++/4.8.2/bits/alloc_traits.h" line-rate="0.6666666666666666" name=".....................opt.Programs.buildroot-at91.output.host.usr.arm-buildroot-linux-gnueabi.include.c++.4.8.2.bits.alloc_traits.h">
					<methods>
						<method branch-rate="1.0" line-rate="1.0" name="_ZNSt16allocator_traitsISaIPN14WeatherStation8ObserverEEE12_S_constructIS2_IRKS2_EEENSt9enable_ifIXsrNS4_18__construct_helperIT_IDpT0_EEE5valueEvE4typeERS3_PSA_DpOSB_" signature="">
							<lines>
								<line branch="false" hits="2" number="253"/>
							</lines>
						</method>
						<method branch-rate="0.0" line-rate="0.0" name="_ZNSt16allocator_traitsISaIPN14WeatherStation8ObserverEEE10_S_destroyIS2_EENSt9enable_ifIXsrNS4_16__destroy_helperIT_EE5valueEvE4typeERS3_PS8_" signature="">
							<lines>
								<line branch="false" hits="0" number="280"/>
							</lines>
						</method>
						<method branch-rate="1.0" line-rate="1.0" name="_ZNSt16allocator_traitsISaIPN14WeatherStation8ObserverEEE11_S_max_sizeIKS3_EENSt9enable_ifIXsrNS4_16__maxsize_helperIT_EE5valueEjE4typeERS9_" signature="">
							<lines>
								<line branch="false" hits="4" number="305"/>
							</lines>
						</method>
						<method branch-rate="1.0" line-rate="1.0" name="_ZNSt16allocator_traitsISaIPN14WeatherStation8ObserverEEE9constructIS2_IRKS2_EEEDTcl12_S_constructfp_fp0_spcl7forwardIT0_Efp1_EEERS3_PT_DpOS8_" signature="">
							<lines>
								<line branch="false" hits="2" number="391"/>
							</lines>
						</method>
						<method branch-rate="0.0" line-rate="0.0" name="_ZNSt16allocator_traitsISaIPN14WeatherStation8ObserverEEE7destroyIS2_EEvRS3_PT_" signature="">
							<lines>
								<line branch="false" hits="0" number="404"/>
							</lines>
						</method>
						<method branch-rate="1.0" line-rate="1.0" name="_ZNSt16allocator_traitsISaIPN14WeatherStation8ObserverEEE8max_sizeERKS3_" signature="">
							<lines>
								<line branch="false" hits="4" number="415"/>
							</lines>
						</method>
					</methods>
					<lines>
						<line branch="false" hits="2" number="253"/>
						<line branch="false" hits="2" number="254"/>
						<line branch="false" hits="0" number="280"/>
						<line branch="false" hits="0" number="281"/>
						<line branch="false" hits="4" number="305"/>
						<line branch="false" hits="4" number="306"/>
						<line branch="false" hits="2" number="391"/>
						<line branch="false" hits="2" number="393"/>
						<line branch="false" hits="0" number="404"/>
						<line branch="false" hits="0" number="405"/>
						<line branch="false" hits="4" number="415"/>
						<line branch="false" hits="4" number="416"/>
					</lines>
				</class>
				<class branch-rate="0.0" complexity="0" filename="../../../../../../../opt/Programs/buildroot-at91/output/host/usr/arm-buildroot-linux-gnueabi/include/c++/4.8.2/bits/allocator.h" line-rate="1.0" name=".....................opt.Programs.buildroot-at91.output.host.usr.arm-buildroot-linux-gnueabi.include.c++.4.8.2.bits.allocator.h">
					<methods>
						<method branch-rate="1.0" line-rate="1.0" name="_ZNSaIPN14WeatherStation8ObserverEEC2Ev" signature="">
							<lines>
								<line branch="false" hits="2" number="113"/>
							</lines>
						</method>
						<method branch-rate="1.0" line-rate="1.0" name="_ZNSaIPN14WeatherStation8ObserverEED2Ev" signature="">
							<lines>
								<line branch="false" hits="2" number="121"/>
							</lines>
						</method>
					</methods>
					<lines>
						<line branch="false" hits="2" number="113"/>
						<line branch="false" hits="2" number="121"/>
					</lines>
				</class>
				<class branch-rate="0.0" complexity="0" filename="../../../../../../../opt/Programs/buildroot-at91/output/host/usr/arm-buildroot-linux-gnueabi/include/c++/4.8.2/bits/basic_ios.h" line-rate="0.0" name=".....................opt.Programs.buildroot-at91.output.host.usr.arm-buildroot-linux-gnueabi.include.c++.4.8.2.bits.basic_ios.h">
					<methods>
						<method branch-rate="0.0" line-rate="0.0" name="_ZSt13__check_facetISt5ctypeIcEERKT_PS3_" signature="">
							<lines>
								<line branch="false" hits="0" number="46"/>
							</lines>
						</method>
					</methods>
					<lines>
						<line branch="false" hits="0" number="46"/>
						<line branch="false" hits="0" number="48"/>
						<line branch="false" hits="0" number="49"/>
						<line branch="false" hits="0" number="50"/>
					</lines>
				</class>
				<class branch-rate="0.0" complexity="0" filename="../../../../../../../opt/Programs/buildroot-at91/output/host/usr/arm-buildroot-linux-gnueabi/include/c++/4.8.2/bits/basic_string.h" line-rate="0.0" name=".....................opt.Programs.buildroot-at91.output.host.usr.arm-buildroot-linux-gnueabi.include.c++.4.8.2.bits.basic_string.h">
					<methods>
						<method branch-rate="0.0" line-rate="0.0" name="_ZNSs12_Alloc_hiderD2Ev" signature="">
							<lines>
								<line branch="false" hits="0" number="272"/>
							</lines>
						</method>
					</methods>
					<lines>
						<line branch="false" hits="0" number="272"/>
					</lines>
				</class>
				<class branch-rate="0.0" complexity="0" filename="../../../../../../../opt/Programs/buildroot-at91/output/host/usr/arm-buildroot-linux-gnueabi/include/c++/4.8.2/bits/basic_string.tcc" line-rate="0.0" name=".....................opt.Programs.buildroot-at91.output.host.usr.arm-buildroot-linux-gnueabi.include.c++.4.8.2.bits.basic_string.tcc">
					<methods>
						<method branch-rate="0.0" line-rate="0.0" name="_ZNSs12_S_constructIPcEES0_T_S1_RKSaIcESt20forward_iterator_tag" signature="">
							<lines>
								<line branch="false" hits="0" number="123"/>
							</lines>
						</method>
						<method branch-rate="0.0" line-rate="0.0" name="_ZNSs12_S_constructIN9__gnu_cxx17__normal_iteratorIPKcSsEEEEPcT_S6_RKSaIcESt20forward_iterator_tag" signature="">
							<lines>
								<line branch="false" hits="0" number="123"/>
							</lines>
						</method>
						<method branch-rate="0.0" line-rate="0.0" name="_ZNSsC2IN9__gnu_cxx17__normal_iteratorIPKcSsEEEET_S5_RKSaIcE" signature="">
							<lines>
								<line branch="false" hits="0" number="227"/>
							</lines>
						</method>
						<method branch-rate="0.0" line-rate="0.0" name="_ZNSsC2IPcEET_S1_RKSaIcE" signature="">
							<lines>
								<line branch="false" hits="0" number="227"/>
							</lines>
						</method>
						<method branch-rate="0.0" line-rate="0.0" name="_ZStplIcSt11char_traitsIcESaIcEESbIT_T0_T1_EPKS3_RKS6_" signature="">
							<lines>
								<line branch="false" hits="0" number="692"/>
							</lines>
						</method>
						<method branch-rate="0.0" line-rate="0.0" name="_ZStplIcSt11char_traitsIcESaIcEESbIT_T0_T1_ES3_RKS6_" signature="">
							<lines>
								<line branch="false" hits="0" number="708"/>
							</lines>
						</method>
					</methods>
					<lines>
						<line branch="false" hits="0" number="123"/>
						<line branch="false" hits="0" number="128"/>
						<line branch="false" hits="0" number="129"/>
						<line branch="false" hits="0" number="132"/>
						<line branch="false" hits="0" number="133"/>
						<line branch="false" hits="0" number="136"/>
						<line branch="false" hits="0" number="138"/>
						<line branch="false" hits="0" number="140"/>
						<line branch="false" hits="0" number="141"/>
						<line branch="false" hits="0" number="143"/>
						<line branch="false" hits="0" number="144"/>
						<line branch="false" hits="0" number="146"/>
						<line branch="false" hits="0" number="147"/>
						<line branch="false" hits="0" number="227"/>
						<line branch="false" hits="0" number="229"/>
						<line branch="false" hits="0" number="230"/>
						<line branch="false" hits="0" number="692"/>
						<line branch="false" hits="0" number="698"/>
						<line branch="false" hits="0" number="699"/>
						<line branch="false" hits="0" number="700"/>
						<line branch="false" hits="0" number="701"/>
						<line branch="false" hits="0" number="702"/>
						<line branch="false" hits="0" number="703"/>
						<line branch="false" hits="0" number="708"/>
						<line branch="false" hits="0" number="712"/>
						<line branch="false" hits="0" number="713"/>
						<line branch="false" hits="0" number="714"/>
						<line branch="false" hits="0" number="715"/>
						<line branch="false" hits="0" number="716"/>
						<line branch="false" hits="0" number="717"/>
					</lines>
				</class>
				<class branch-rate="0.0" complexity="0" filename="../../../../../../../opt/Programs/buildroot-at91/output/host/usr/arm-buildroot-linux-gnueabi/include/c++/4.8.2/bits/char_traits.h" line-rate="0.0" name=".....................opt.Programs.buildroot-at91.output.host.usr.arm-buildroot-linux-gnueabi.include.c++.4.8.2.bits.char_traits.h">
					<methods>
						<method branch-rate="0.0" line-rate="0.0" name="_ZNSt11char_traitsIcE6lengthEPKc" signature="">
							<lines>
								<line branch="false" hits="0" number="258"/>
							</lines>
						</method>
					</methods>
					<lines>
						<line branch="false" hits="0" number="258"/>
						<line branch="false" hits="0" number="259"/>
					</lines>
				</class>
				<class branch-rate="0.0" complexity="0" filename="../../../../../../../opt/Programs/buildroot-at91/output/host/usr/arm-buildroot-linux-gnueabi/include/c++/4.8.2/bits/ios_base.h" line-rate="0.0" name=".....................opt.Programs.buildroot-at91.output.host.usr.arm-buildroot-linux-gnueabi.include.c++.4.8.2.bits.ios_base.h">
					<methods>
						<method branch-rate="0.0" line-rate="0.0" name="_ZStorSt12_Ios_IostateS_" signature="">
							<lines>
								<line branch="false" hits="0" number="157"/>
							</lines>
						</method>
					</methods>
					<lines>
						<line branch="false" hits="0" number="157"/>
						<line branch="false" hits="0" number="158"/>
					</lines>
				</class>
				<class branch-rate="0.0" complexity="0" filename="../../../../../../../opt/Programs/buildroot-at91/output/host/usr/arm-buildroot-linux-gnueabi/include/c++/4.8.2/bits/locale_facets.h" line-rate="0.0" name=".....................opt.Programs.buildroot-at91.output.host.usr.arm-buildroot-linux-gnueabi.include.c++.4.8.2.bits.locale_facets.h">
					<methods>
						<method branch-rate="0.0" line-rate="0.0" name="_ZNKSt5ctypeIcE5widenEc" signature="">
							<lines>
								<line branch="false" hits="0" number="865"/>
							</lines>
						</method>
					</methods>
					<lines>
						<line branch="false" hits="0" number="865"/>
						<line branch="false" hits="0" number="867"/>
						<line branch="false" hits="0" number="868"/>
						<line branch="false" hits="0" number="869"/>
						<line branch="false" hits="0" number="870"/>
					</lines>
				</class>
				<class branch-rate="0.0" complexity="0" filename="../../../../../../../opt/Programs/buildroot-at91/output/host/usr/arm-buildroot-linux-gnueabi/include/c++/4.8.2/bits/move.h" line-rate="1.0" name=".....................opt.Programs.buildroot-at91.output.host.usr.arm-buildroot-linux-gnueabi.include.c++.4.8.2.bits.move.h">
					<methods>
						<method branch-rate="1.0" line-rate="1.0" name="_ZSt7forwardIRKPN14WeatherStation8ObserverEEOT_RNSt16remove_referenceIS5_E4typeE" signature="">
							<lines>
								<line branch="false" hits="8" number="76"/>
							</lines>
						</method>
					</methods>
					<lines>
						<line branch="false" hits="8" number="76"/>
						<line branch="false" hits="8" number="77"/>
					</lines>
				</class>
				<class branch-rate="0.0" complexity="0" filename="../../../../../../../opt/Programs/buildroot-at91/output/host/usr/arm-buildroot-linux-gnueabi/include/c++/4.8.2/bits/postypes.h" line-rate="0.0" name=".....................opt.Programs.buildroot-at91.output.host.usr.arm-buildroot-linux-gnueabi.include.c++.4.8.2.bits.postypes.h">
					<methods>
						<method branch-rate="0.0" line-rate="0.0" name="_ZNSt4fposI11__mbstate_tEC2Ex" signature="">
							<lines>
								<line branch="false" hits="0" number="133"/>
							</lines>
						</method>
					</methods>
					<lines>
						<line branch="false" hits="0" number="133"/>
						<line branch="false" hits="0" number="134"/>
					</lines>
				</class>
				<class branch-rate="0.0" complexity="0" filename="../../../../../../../opt/Programs/buildroot-at91/output/host/usr/arm-buildroot-linux-gnueabi/include/c++/4.8.2/bits/random.h" line-rate="0.0" name=".....................opt.Programs.buildroot-at91.output.host.usr.arm-buildroot-linux-gnueabi.include.c++.4.8.2.bits.random.h">
					<methods>
						<method branch-rate="0.0" line-rate="0.0" name="_ZNSt24uniform_int_distributionIjE10param_typeC2Ejj" signature="">
							<lines>
								<line branch="false" hits="0" number="1680"/>
							</lines>
						</method>
						<method branch-rate="0.0" line-rate="0.0" name="_ZNKSt24uniform_int_distributionIjE10param_type1aEv" signature="">
							<lines>
								<line branch="false" hits="0" number="1688"/>
							</lines>
						</method>
						<method branch-rate="0.0" line-rate="0.0" name="_ZNKSt24uniform_int_distributionIjE10param_type1bEv" signature="">
							<lines>
								<line branch="false" hits="0" number="1692"/>
							</lines>
						</method>
						<method branch-rate="0.0" line-rate="0.0" name="_ZNSt24uniform_int_distributionIjEC2Ejj" signature="">
							<lines>
								<line branch="false" hits="0" number="1709"/>
							</lines>
						</method>
					</methods>
					<lines>
						<line branch="false" hits="0" number="1680"/>
						<line branch="false" hits="0" number="1682"/>
						<line branch="false" hits="0" number="1685"/>
						<line branch="false" hits="0" number="1688"/>
						<line branch="false" hits="0" number="1689"/>
						<line branch="false" hits="0" number="1692"/>
						<line branch="false" hits="0" number="1693"/>
						<line branch="false" hits="0" number="1709"/>
						<line branch="false" hits="0" number="1711"/>
						<line branch="false" hits="0" number="1712"/>
					</lines>
				</class>
				<class branch-rate="0.0" complexity="0" filename="../../../../../../../opt/Programs/buildroot-at91/output/host/usr/arm-buildroot-linux-gnueabi/include/c++/4.8.2/bits/random.tcc" line-rate="0.0" name=".....................opt.Programs.buildroot-at91.output.host.usr.arm-buildroot-linux-gnueabi.include.c++.4.8.2.bits.random.tcc">
					<methods>
						<method branch-rate="0.0" line-rate="0.0" name="_ZNSt24uniform_int_distributionIjEclIN5Catch21RandomNumberGeneratorEEEjRT_RKNS0_10param_typeE" signature="">
							<lines>
								<line branch="false" hits="0" number="878"/>
							</lines>
						</method>
					</methods>
					<lines>
						<line branch="false" hits="0" number="878"/>
						<line branch="false" hits="0" number="888"/>
						<line branch="false" hits="0" number="889"/>
						<line branch="false" hits="0" number="890"/>
						<line branch="false" hits="0" number="892"/>
						<line branch="false" hits="0" number="896"/>
						<line branch="false" hits="0" number="899"/>
						<line branch="false" hits="0" number="900"/>
						<line branch="false" hits="0" number="901"/>
						<line branch="false" hits="0" number="902"/>
						<line branch="false" hits="0" number="903"/>
						<line branch="false" hits="0" number="905"/>
						<line branch="false" hits="0" number="907"/>
						<line branch="false" hits="0" number="925"/>
						<line branch="false" hits="0" number="927"/>
						<line branch="false" hits="0" number="928"/>
						<line branch="false" hits="0" number="929"/>
						<line branch="false" hits="0" number="930"/>
						<line branch="false" hits="0" number="935"/>
						<line branch="false" hits="0" number="937"/>
					</lines>
				</class>
				<class branch-rate="0.0" complexity="0" filename="../../../../../../../opt/Programs/buildroot-at91/output/host/usr/arm-buildroot-linux-gnueabi/include/c++/4.8.2/bits/stl_algo.h" line-rate="0.0" name=".....................opt.Programs.buildroot-at91.output.host.usr.arm-buildroot-linux-gnueabi.include.c++.4.8.2.bits.stl_algo.h">
					<methods>
						<method branch-rate="0.0" line-rate="0.0" name="_ZSt6__findIN9__gnu_cxx17__normal_iteratorIPPN14WeatherStation8ObserverESt6vectorIS4_SaIS4_EEEES4_ET_SA_SA_RKT0_St26random_access_iterator_tag" signature="">
							<lines>
								<line branch="false" hits="0" number="158"/>
							</lines>
						</method>
						<method branch-rate="0.0" line-rate="0.0" name="_ZSt4findIN9__gnu_cxx17__normal_iteratorIPPN14WeatherStation8ObserverESt6vectorIS4_SaIS4_EEEES4_ET_SA_SA_RKT0_" signature="">
							<lines>
								<line branch="false" hits="0" number="4432"/>
							</lines>
						</method>
					</methods>
					<lines>
						<line branch="false" hits="0" number="158"/>
						<line branch="false" hits="0" number="162"/>
						<line branch="false" hits="0" number="164"/>
						<line branch="false" hits="0" number="166"/>
						<line branch="false" hits="0" number="167"/>
						<line branch="false" hits="0" number="168"/>
						<line branch="false" hits="0" number="170"/>
						<line branch="false" hits="0" number="171"/>
						<line branch="false" hits="0" number="172"/>
						<line branch="false" hits="0" number="174"/>
						<line branch="false" hits="0" number="175"/>
						<line branch="false" hits="0" number="176"/>
						<line branch="false" hits="0" number="178"/>
						<line branch="false" hits="0" number="179"/>
						<line branch="false" hits="0" number="180"/>
						<line branch="false" hits="0" number="183"/>
						<line branch="false" hits="0" number="186"/>
						<line branch="false" hits="0" number="187"/>
						<line branch="false" hits="0" number="188"/>
						<line branch="false" hits="0" number="190"/>
						<line branch="false" hits="0" number="191"/>
						<line branch="false" hits="0" number="192"/>
						<line branch="false" hits="0" number="194"/>
						<line branch="false" hits="0" number="195"/>
						<line branch="false" hits="0" number="196"/>
						<line branch="false" hits="0" number="199"/>
						<line branch="false" hits="0" number="4432"/>
						<line branch="false" hits="0" number="4441"/>
					</lines>
				</class>
				<class branch-rate="0.0" complexity="0" filename="../../../../../../../opt/Programs/buildroot-at91/output/host/usr/arm-buildroot-linux-gnueabi/include/c++/4.8.2/bits/stl_algobase.h" line-rate="0.6818181818181818" name=".....................opt.Programs.buildroot-at91.output.host.usr.arm-buildroot-linux-gnueabi.include.c++.4.8.2.bits.stl_algobase.h">
					<methods>
						<method branch-rate="0.0" line-rate="0.0" name="_ZSt3maxIjERKT_S2_S2_" signature="">
							<lines>
								<line branch="false" hits="0" number="216"/>
							</lines>
						</method>
						<method branch-rate="0.0" line-rate="0.0" name="_ZSt12__niter_baseIN9__gnu_cxx17__normal_iteratorIPPN14WeatherStation8ObserverESt6vectorIS4_SaIS4_EEEEENSt11_Niter_baseIT_E13iterator_typeESB_" signature="">
							<lines>
								<line branch="false" hits="0" number="277"/>
							</lines>
						</method>
						<method branch-rate="1.0" line-rate="1.0" name="_ZSt12__niter_baseIPPN14WeatherStation8ObserverEENSt11_Niter_baseIT_E13iterator_typeES5_" signature="">
							<lines>
								<line branch="false" hits="6" number="277"/>
							</lines>
						</method>
						<method branch-rate="0.0" line-rate="0.0" name="_ZSt12__miter_baseIN9__gnu_cxx17__normal_iteratorIPPN14WeatherStation8ObserverESt6vectorIS4_SaIS4_EEEEENSt11_Miter_baseIT_E13iterator_typeESB_" signature="">
							<lines>
								<line branch="false" hits="0" number="288"/>
							</lines>
						</method>
						<method branch-rate="1.0" line-rate="1.0" name="_ZSt12__miter_baseISt13move_iteratorIPPN14WeatherStation8ObserverEEENSt11_Miter_baseIT_E13iterator_typeES7_" signature="">
							<lines>
								<line branch="false" hits="4" number="288"/>
							</lines>
						</method>
						<method branch-rate="1.0" line-rate="1.0" name="_ZNSt11__copy_moveILb1ELb1ESt26random_access_iterator_tagE8__copy_mIPN14WeatherStation8ObserverEEEPT_PKS6_S9_S7_" signature="">
							<lines>
								<line branch="false" hits="2" number="368"/>
							</lines>
						</method>
						<method branch-rate="1.0" line-rate="1.0" name="_ZSt13__copy_move_aILb1EPPN14WeatherStation8ObserverES3_ET1_T0_S5_S4_" signature="">
							<lines>
								<line branch="false" hits="2" number="379"/>
							</lines>
						</method>
						<method branch-rate="0.0" line-rate="0.0" name="_ZSt14__copy_move_a2ILb1EN9__gnu_cxx17__normal_iteratorIPPN14WeatherStation8ObserverESt6vectorIS4_SaIS4_EEEES9_ET1_T0_SB_SA_" signature="">
							<lines>
								<line branch="false" hits="0" number="424"/>
							</lines>
						</method>
						<method branch-rate="1.0" line-rate="1.0" name="_ZSt14__copy_move_a2ILb1EPPN14WeatherStation8ObserverES3_ET1_T0_S5_S4_" signature="">
							<lines>
								<line branch="false" hits="2" number="424"/>
							</lines>
						</method>
						<method branch-rate="1.0" line-rate="1.0" name="_ZSt4copyISt13move_iteratorIPPN14WeatherStation8ObserverEES4_ET0_T_S7_S6_" signature="">
							<lines>
								<line branch="false" hits="2" number="450"/>
							</lines>
						</method>
						<method branch-rate="0.0" line-rate="0.0" name="_ZSt4moveIN9__gnu_cxx17__normal_iteratorIPPN14WeatherStation8ObserverESt6vectorIS4_SaIS4_EEEES9_ET0_T_SB_SA_" signature="">
							<lines>
								<line branch="false" hits="0" number="483"/>
							</lines>
						</method>
					</methods>
					<lines>
						<line branch="false" hits="0" number="216"/>
						<line branch="false" hits="0" number="221"/>
						<line branch="false" hits="0" number="222"/>
						<line branch="false" hits="0" number="223"/>
						<line branch="false" hits="6" number="277"/>
						<line branch="false" hits="6" number="278"/>
						<line branch="false" hits="4" number="288"/>
						<line branch="false" hits="4" number="289"/>
						<line branch="false" hits="2" number="368"/>
						<line branch="false" hits="2" number="370"/>
						<line branch="false" hits="2" number="371"/>
						<line branch="false" hits="0" number="372"/>
						<line branch="false" hits="2" number="373"/>
						<line branch="false" hits="2" number="379"/>
						<line branch="false" hits="2" number="387"/>
						<line branch="false" hits="2" number="390"/>
						<line branch="false" hits="2" number="424"/>
						<line branch="false" hits="2" number="428"/>
						<line branch="false" hits="2" number="450"/>
						<line branch="false" hits="2" number="460"/>
						<line branch="false" hits="0" number="483"/>
						<line branch="false" hits="0" number="492"/>
					</lines>
				</class>
				<class branch-rate="0.0" complexity="0" filename="../../../../../../../opt/Programs/buildroot-at91/output/host/usr/arm-buildroot-linux-gnueabi/include/c++/4.8.2/bits/stl_construct.h" line-rate="1.0" name=".....................opt.Programs.buildroot-at91.output.host.usr.arm-buildroot-linux-gnueabi.include.c++.4.8.2.bits.stl_construct.h">
					<methods>
						<method branch-rate="1.0" line-rate="1.0" name="_ZNSt12_Destroy_auxILb1EE9__destroyIPPN14WeatherStation8ObserverEEEvT_S6_" signature="">
							<lines>
								<line branch="false" hits="4" number="112"/>
							</lines>
						</method>
						<method branch-rate="1.0" line-rate="1.0" name="_ZSt8_DestroyIPPN14WeatherStation8ObserverEEvT_S4_" signature="">
							<lines>
								<line branch="false" hits="4" number="122"/>
							</lines>
						</method>
						<method branch-rate="1.0" line-rate="1.0" name="_ZSt8_DestroyIPPN14WeatherStation8ObserverES2_EvT_S4_RSaIT0_E" signature="">
							<lines>
								<line branch="false" hits="4" number="148"/>
							</lines>
						</method>
					</methods>
					<lines>
						<line branch="false" hits="4" number="112"/>
						<line branch="false" hits="4" number="122"/>
						<line branch="false" hits="4" number="126"/>
						<line branch="false" hits="4" number="128"/>
						<line branch="false" hits="4" number="148"/>
						<line branch="false" hits="4" number="151"/>
						<line branch="false" hits="4" number="152"/>
					</lines>
				</class>
				<class branch-rate="0.0" complexity="0" filename="../../../../../../../opt/Programs/buildroot-at91/output/host/usr/arm-buildroot-linux-gnueabi/include/c++/4.8.2/bits/stl_function.h" line-rate="0.8" name=".....................opt.Programs.buildroot-at91.output.host.usr.arm-buildroot-linux-gnueabi.include.c++.4.8.2.bits.stl_function.h">
					<methods>
						<method branch-rate="1.0" line-rate="1.0" name="_ZNKSt4lessISsEclERKSsS2_" signature="">
							<lines>
								<line branch="false" hits="15" number="234"/>
							</lines>
						</method>
						<method branch-rate="1.0" line-rate="1.0" name="_ZNKSt4lessIN5Catch8TestCaseEEclERKS1_S4_" signature="">
							<lines>
								<line branch="false" hits="3" number="234"/>
							</lines>
						</method>
						<method branch-rate="0.0" line-rate="0.0" name="_ZNKSt4lessIiEclERKiS2_" signature="">
							<lines>
								<line branch="false" hits="0" number="234"/>
							</lines>
						</method>
						<method branch-rate="0.0" line-rate="0.0" name="_ZNKSt9_IdentityISsEclERSs" signature="">
							<lines>
								<line branch="false" hits="0" number="477"/>
							</lines>
						</method>
						<method branch-rate="1.0" line-rate="1.0" name="_ZNKSt9_IdentityISsEclERKSs" signature="">
							<lines>
								<line branch="false" hits="8" number="481"/>
							</lines>
						</method>
						<method branch-rate="1.0" line-rate="1.0" name="_ZNKSt9_IdentityIN5Catch8TestCaseEEclERKS1_" signature="">
							<lines>
								<line branch="false" hits="6" number="481"/>
							</lines>
						</method>
						<method branch-rate="1.0" line-rate="1.0" name="_ZNKSt10_Select1stISt4pairIKSsN5Catch3PtrINS2_16IReporterFactoryEEEEEclERKS6_" signature="">
							<lines>
								<line branch="false" hits="11" number="494"/>
							</lines>
						</method>
						<method branch-rate="0.0" line-rate="0.0" name="_ZNKSt10_Select1stISt4pairIKiN5Catch5Clara11CommandLineINS2_10ConfigDataEE3ArgEEEclERKS8_" signature="">
							<lines>
								<line branch="false" hits="0" number="494"/>
							</lines>
						</method>
						<method branch-rate="0.0" line-rate="0.0" name="_ZNKSt10_Select1stISt4pairIKSsN5Catch8TagAliasEEEclERKS4_" signature="">
							<lines>
								<line branch="false" hits="0" number="494"/>
							</lines>
						</method>
						<method branch-rate="0.0" line-rate="0.0" name="_ZNKSt10_Select1stISt4pairIKSsPN5Catch14IGeneratorInfoEEEclERKS5_" signature="">
							<lines>
								<line branch="false" hits="0" number="494"/>
							</lines>
						</method>
						<method branch-rate="0.0" line-rate="0.0" name="_ZNKSt10_Select1stISt4pairIKSsN5Catch7TagInfoEEEclERKS4_" signature="">
							<lines>
								<line branch="false" hits="0" number="494"/>
							</lines>
						</method>
						<method branch-rate="0.0" line-rate="0.0" name="_ZNKSt10_Select1stISt4pairIKSsPN5Catch18IGeneratorsForTestEEEclERKS5_" signature="">
							<lines>
								<line branch="false" hits="0" number="494"/>
							</lines>
						</method>
						<method branch-rate="0.0" line-rate="0.0" name="_ZNKSt10_Select1stISt4pairIKSsN5Catch7TagInfoEEEclIS0_ISsS3_EEERNT_10first_typeERS8_" signature="">
							<lines>
								<line branch="false" hits="0" number="500"/>
							</lines>
						</method>
						<method branch-rate="0.0" line-rate="0.0" name="_ZNKSt10_Select1stISt4pairIKSsPN5Catch14IGeneratorInfoEEEclIS0_ISsS4_EEERNT_10first_typeERS9_" signature="">
							<lines>
								<line branch="false" hits="0" number="500"/>
							</lines>
						</method>
						<method branch-rate="0.0" line-rate="0.0" name="_ZNKSt10_Select1stISt4pairIKSsPN5Catch18IGeneratorsForTestEEEclIS0_ISsS4_EEERNT_10first_typeERS9_" signature="">
							<lines>
								<line branch="false" hits="0" number="500"/>
							</lines>
						</method>
						<method branch-rate="1.0" line-rate="1.0" name="_ZNKSt10_Select1stISt4pairIKSsN5Catch3PtrINS2_16IReporterFactoryEEEEEclIS0_ISsS5_EEERNT_10first_typeERSA_" signature="">
							<lines>
								<line branch="false" hits="7" number="500"/>
							</lines>
						</method>
						<method branch-rate="0.0" line-rate="0.0" name="_ZNKSt10_Select1stISt4pairIKSsN5Catch8TagAliasEEEclIS0_IPKcS3_EEERNT_10first_typeERSA_" signature="">
							<lines>
								<line branch="false" hits="0" number="500"/>
							</lines>
						</method>
					</methods>
					<lines>
						<line branch="false" hits="18" number="234"/>
						<line branch="false" hits="18" number="235"/>
						<line branch="false" hits="0" number="477"/>
						<line branch="false" hits="0" number="478"/>
						<line branch="false" hits="14" number="481"/>
						<line branch="false" hits="14" number="482"/>
						<line branch="false" hits="11" number="494"/>
						<line branch="false" hits="11" number="495"/>
						<line branch="false" hits="7" number="500"/>
						<line branch="false" hits="7" number="501"/>
					</lines>
				</class>
				<class branch-rate="0.0" complexity="0" filename="../../../../../../../opt/Programs/buildroot-at91/output/host/usr/arm-buildroot-linux-gnueabi/include/c++/4.8.2/bits/stl_heap.h" line-rate="0.0" name=".....................opt.Programs.buildroot-at91.output.host.usr.arm-buildroot-linux-gnueabi.include.c++.4.8.2.bits.stl_heap.h">
					<methods>
						<method branch-rate="0.0" line-rate="0.0" name="_ZSt11__push_heapIN9__gnu_cxx17__normal_iteratorIPN5Catch8TestCaseESt6vectorIS3_SaIS3_EEEEiS3_EvT_T0_SA_T1_" signature="">
							<lines>
								<line branch="false" hits="0" number="131"/>
							</lines>
						</method>
						<method branch-rate="0.0" line-rate="0.0" name="_ZSt13__adjust_heapIN9__gnu_cxx17__normal_iteratorIPN5Catch8TestCaseESt6vectorIS3_SaIS3_EEEEiS3_EvT_T0_SA_T1_" signature="">
							<lines>
								<line branch="false" hits="0" number="227"/>
							</lines>
						</method>
						<method branch-rate="0.0" line-rate="0.0" name="_ZSt10__pop_heapIN9__gnu_cxx17__normal_iteratorIPN5Catch8TestCaseESt6vectorIS3_SaIS3_EEEEEvT_S9_S9_" signature="">
							<lines>
								<line branch="false" hits="0" number="253"/>
							</lines>
						</method>
						<method branch-rate="0.0" line-rate="0.0" name="_ZSt9make_heapIN9__gnu_cxx17__normal_iteratorIPN5Catch8TestCaseESt6vectorIS3_SaIS3_EEEEEvT_S9_" signature="">
							<lines>
								<line branch="false" hits="0" number="386"/>
							</lines>
						</method>
						<method branch-rate="0.0" line-rate="0.0" name="_ZSt9sort_heapIN9__gnu_cxx17__normal_iteratorIPN5Catch8TestCaseESt6vectorIS3_SaIS3_EEEEEvT_S9_" signature="">
							<lines>
								<line branch="false" hits="0" number="465"/>
							</lines>
						</method>
					</methods>
					<lines>
						<line branch="false" hits="0" number="131"/>
						<line branch="false" hits="0" number="134"/>
						<line branch="false" hits="0" number="135"/>
						<line branch="false" hits="0" number="137"/>
						<line branch="false" hits="0" number="138"/>
						<line branch="false" hits="0" number="139"/>
						<line branch="false" hits="0" number="141"/>
						<line branch="false" hits="0" number="142"/>
						<line branch="false" hits="0" number="227"/>
						<line branch="false" hits="0" number="230"/>
						<line branch="false" hits="0" number="231"/>
						<line branch="false" hits="0" number="232"/>
						<line branch="false" hits="0" number="234"/>
						<line branch="false" hits="0" number="235"/>
						<line branch="false" hits="0" number="236"/>
						<line branch="false" hits="0" number="237"/>
						<line branch="false" hits="0" number="238"/>
						<line branch="false" hits="0" number="240"/>
						<line branch="false" hits="0" number="242"/>
						<line branch="false" hits="0" number="243"/>
						<line branch="false" hits="0" number="245"/>
						<line branch="false" hits="0" number="247"/>
						<line branch="false" hits="0" number="248"/>
						<line branch="false" hits="0" number="249"/>
						<line branch="false" hits="0" number="253"/>
						<line branch="false" hits="0" number="261"/>
						<line branch="false" hits="0" number="262"/>
						<line branch="false" hits="0" number="263"/>
						<line branch="false" hits="0" number="265"/>
						<line branch="false" hits="0" number="266"/>
						<line branch="false" hits="0" number="386"/>
						<line branch="false" hits="0" number="399"/>
						<line branch="false" hits="0" number="400"/>
						<line branch="false" hits="0" number="402"/>
						<line branch="false" hits="0" number="403"/>
						<line branch="false" hits="0" number="404"/>
						<line branch="false" hits="0" number="406"/>
						<line branch="false" hits="0" number="407"/>
						<line branch="false" hits="0" number="408"/>
						<line branch="false" hits="0" number="409"/>
						<line branch="false" hits="0" number="410"/>
						<line branch="false" hits="0" number="411"/>
						<line branch="false" hits="0" number="465"/>
						<line branch="false" hits="0" number="475"/>
						<line branch="false" hits="0" number="477"/>
						<line branch="false" hits="0" number="478"/>
						<line branch="false" hits="0" number="480"/>
					</lines>
				</class>
				<class branch-rate="0.0" complexity="0" filename="../../../../../../../opt/Programs/buildroot-at91/output/host/usr/arm-buildroot-linux-gnueabi/include/c++/4.8.2/bits/stl_iterator.h" line-rate="0.75" name=".....................opt.Programs.buildroot-at91.output.host.usr.arm-buildroot-linux-gnueabi.include.c++.4.8.2.bits.stl_iterator.h">
					<methods>
						<method branch-rate="1.0" line-rate="1.0" name="_ZN9__gnu_cxx17__normal_iteratorIPPN14WeatherStation8ObserverESt6vectorIS3_SaIS3_EEEC2ERKS4_" signature="">
							<lines>
								<line branch="false" hits="20" number="726"/>
							</lines>
						</method>
						<method branch-rate="1.0" line-rate="1.0" name="_ZN9__gnu_cxx17__normal_iteratorIPKPN14WeatherStation8ObserverESt6vectorIS3_SaIS3_EEEC2IPS3_EERKNS0_IT_NS_11__enable_ifIXsrSt10__are_sameISC_SB_E7__valueES8_E6__typeEEE" signature="">
							<lines>
								<line branch="false" hits="20" number="730"/>
							</lines>
						</method>
						<method branch-rate="1.0" line-rate="1.0" name="_ZNK9__gnu_cxx17__normal_iteratorIPKPN14WeatherStation8ObserverESt6vectorIS3_SaIS3_EEEdeEv" signature="">
							<lines>
								<line branch="false" hits="10" number="738"/>
							</lines>
						</method>
						<method branch-rate="0.0" line-rate="0.0" name="_ZNK9__gnu_cxx17__normal_iteratorIPPN14WeatherStation8ObserverESt6vectorIS3_SaIS3_EEEdeEv" signature="">
							<lines>
								<line branch="false" hits="0" number="738"/>
							</lines>
						</method>
						<method branch-rate="1.0" line-rate="1.0" name="_ZN9__gnu_cxx17__normal_iteratorIPKPN14WeatherStation8ObserverESt6vectorIS3_SaIS3_EEEppEv" signature="">
							<lines>
								<line branch="false" hits="10" number="746"/>
							</lines>
						</method>
						<method branch-rate="0.0" line-rate="0.0" name="_ZN9__gnu_cxx17__normal_iteratorIPPN14WeatherStation8ObserverESt6vectorIS3_SaIS3_EEEppEv" signature="">
							<lines>
								<line branch="false" hits="0" number="746"/>
							</lines>
						</method>
						<method branch-rate="0.0" line-rate="0.0" name="_ZNK9__gnu_cxx17__normal_iteratorIPPN14WeatherStation8ObserverESt6vectorIS3_SaIS3_EEEplERKi" signature="">
							<lines>
								<line branch="false" hits="0" number="778"/>
							</lines>
						</method>
						<method branch-rate="1.0" line-rate="1.0" name="_ZNK9__gnu_cxx17__normal_iteratorIPKPN14WeatherStation8ObserverESt6vectorIS3_SaIS3_EEE4baseEv" signature="">
							<lines>
								<line branch="false" hits="40" number="790"/>
							</lines>
						</method>
						<method branch-rate="1.0" line-rate="1.0" name="_ZNK9__gnu_cxx17__normal_iteratorIPPN14WeatherStation8ObserverESt6vectorIS3_SaIS3_EEE4baseEv" signature="">
							<lines>
								<line branch="false" hits="20" number="790"/>
							</lines>
						</method>
						<method branch-rate="1.0" line-rate="1.0" name="_ZN9__gnu_cxxneIPKPN14WeatherStation8ObserverESt6vectorIS3_SaIS3_EEEEbRKNS_17__normal_iteratorIT_T0_EESE_" signature="">
							<lines>
								<line branch="false" hits="20" number="823"/>
							</lines>
						</method>
						<method branch-rate="0.0" line-rate="0.0" name="_ZN9__gnu_cxxneIPPN14WeatherStation8ObserverESt6vectorIS3_SaIS3_EEEEbRKNS_17__normal_iteratorIT_T0_EESD_" signature="">
							<lines>
								<line branch="false" hits="0" number="823"/>
							</lines>
						</method>
						<method branch-rate="0.0" line-rate="0.0" name="_ZN9__gnu_cxxmiIPPN14WeatherStation8ObserverESt6vectorIS3_SaIS3_EEEENS_17__normal_iteratorIT_T0_E15difference_typeERKSB_SE_" signature="">
							<lines>
								<line branch="false" hits="0" number="896"/>
							</lines>
						</method>
						<method branch-rate="0.0" line-rate="0.0" name="_ZN9__gnu_cxxplIPPN14WeatherStation8ObserverESt6vectorIS3_SaIS3_EEEENS_17__normal_iteratorIT_T0_EENSB_15difference_typeERKSB_" signature="">
							<lines>
								<line branch="false" hits="0" number="902"/>
							</lines>
						</method>
						<method branch-rate="1.0" line-rate="1.0" name="_ZNSt13move_iteratorIPPN14WeatherStation8ObserverEEC2ES3_" signature="">
							<lines>
								<line branch="false" hits="4" number="950"/>
							</lines>
						</method>
						<method branch-rate="1.0" line-rate="1.0" name="_ZNKSt13move_iteratorIPPN14WeatherStation8ObserverEE4baseEv" signature="">
							<lines>
								<line branch="false" hits="4" number="958"/>
							</lines>
						</method>
						<method branch-rate="1.0" line-rate="1.0" name="_ZSt32__make_move_if_noexcept_iteratorIPPN14WeatherStation8ObserverESt13move_iteratorIS3_EET0_T_" signature="">
							<lines>
								<line branch="false" hits="4" number="1132"/>
							</lines>
						</method>
					</methods>
					<lines>
						<line branch="false" hits="20" number="726"/>
						<line branch="false" hits="20" number="730"/>
						<line branch="false" hits="20" number="734"/>
						<line branch="false" hits="10" number="738"/>
						<line branch="false" hits="10" number="739"/>
						<line branch="false" hits="10" number="746"/>
						<line branch="false" hits="10" number="748"/>
						<line branch="false" hits="10" number="749"/>
						<line branch="false" hits="0" number="778"/>
						<line branch="false" hits="0" number="779"/>
						<line branch="false" hits="60" number="790"/>
						<line branch="false" hits="60" number="791"/>
						<line branch="false" hits="20" number="823"/>
						<line branch="false" hits="20" number="825"/>
						<line branch="false" hits="0" number="896"/>
						<line branch="false" hits="0" number="898"/>
						<line branch="false" hits="0" number="902"/>
						<line branch="false" hits="0" number="904"/>
						<line branch="false" hits="4" number="950"/>
						<line branch="false" hits="4" number="951"/>
						<line branch="false" hits="4" number="958"/>
						<line branch="false" hits="4" number="959"/>
						<line branch="false" hits="4" number="1132"/>
						<line branch="false" hits="4" number="1133"/>
					</lines>
				</class>
				<class branch-rate="0.0" complexity="0" filename="../../../../../../../opt/Programs/buildroot-at91/output/host/usr/arm-buildroot-linux-gnueabi/include/c++/4.8.2/bits/stl_iterator_base_funcs.h" line-rate="0.0" name=".....................opt.Programs.buildroot-at91.output.host.usr.arm-buildroot-linux-gnueabi.include.c++.4.8.2.bits.stl_iterator_base_funcs.h">
					<methods>
						<method branch-rate="0.0" line-rate="0.0" name="_ZSt10__distanceIPcENSt15iterator_traitsIT_E15difference_typeES2_S2_St26random_access_iterator_tag" signature="">
							<lines>
								<line branch="false" hits="0" number="90"/>
							</lines>
						</method>
						<method branch-rate="0.0" line-rate="0.0" name="_ZSt10__distanceIN9__gnu_cxx17__normal_iteratorIPKcSsEEENSt15iterator_traitsIT_E15difference_typeES6_S6_St26random_access_iterator_tag" signature="">
							<lines>
								<line branch="false" hits="0" number="90"/>
							</lines>
						</method>
						<method branch-rate="0.0" line-rate="0.0" name="_ZSt10__distanceIN9__gnu_cxx17__normal_iteratorIPKN5Catch11MessageInfoESt6vectorIS3_SaIS3_EEEEENSt15iterator_traitsIT_E15difference_typeESB_SB_St26random_access_iterator_tag" signature="">
							<lines>
								<line branch="false" hits="0" number="90"/>
							</lines>
						</method>
						<method branch-rate="0.0" line-rate="0.0" name="_ZSt8distanceIPcENSt15iterator_traitsIT_E15difference_typeES2_S2_" signature="">
							<lines>
								<line branch="false" hits="0" number="114"/>
							</lines>
						</method>
						<method branch-rate="0.0" line-rate="0.0" name="_ZSt8distanceIN9__gnu_cxx17__normal_iteratorIPKcSsEEENSt15iterator_traitsIT_E15difference_typeES6_S6_" signature="">
							<lines>
								<line branch="false" hits="0" number="114"/>
							</lines>
						</method>
						<method branch-rate="0.0" line-rate="0.0" name="_ZSt8distanceIN9__gnu_cxx17__normal_iteratorIPKN5Catch11MessageInfoESt6vectorIS3_SaIS3_EEEEENSt15iterator_traitsIT_E15difference_typeESB_SB_" signature="">
							<lines>
								<line branch="false" hits="0" number="114"/>
							</lines>
						</method>
					</methods>
					<lines>
						<line branch="false" hits="0" number="90"/>
						<line branch="false" hits="0" number="96"/>
						<line branch="false" hits="0" number="114"/>
						<line branch="false" hits="0" number="118"/>
					</lines>
				</class>
				<class branch-rate="0.0" complexity="0" filename="../../../../../../../opt/Programs/buildroot-at91/output/host/usr/arm-buildroot-linux-gnueabi/include/c++/4.8.2/bits/stl_iterator_base_types.h" line-rate="0.6666666666666666" name=".....................opt.Programs.buildroot-at91.output.host.usr.arm-buildroot-linux-gnueabi.include.c++.4.8.2.bits.stl_iterator_base_types.h">
					<methods>
						<method branch-rate="0.0" line-rate="0.0" name="_ZSt19__iterator_categoryIN9__gnu_cxx17__normal_iteratorIPPN14WeatherStation8ObserverESt6vectorIS4_SaIS4_EEEEENSt15iterator_traitsIT_E17iterator_categoryERKSB_" signature="">
							<lines>
								<line branch="false" hits="0" number="201"/>
							</lines>
						</method>
						<method branch-rate="0.0" line-rate="0.0" name="_ZNSt10_Iter_baseIN9__gnu_cxx17__normal_iteratorIPPN14WeatherStation8ObserverESt6vectorIS4_SaIS4_EEEELb0EE7_S_baseES9_" signature="">
							<lines>
								<line branch="false" hits="0" number="212"/>
							</lines>
						</method>
						<method branch-rate="1.0" line-rate="1.0" name="_ZNSt10_Iter_baseIPPN14WeatherStation8ObserverELb0EE7_S_baseES3_" signature="">
							<lines>
								<line branch="false" hits="6" number="212"/>
							</lines>
						</method>
						<method branch-rate="1.0" line-rate="1.0" name="_ZNSt10_Iter_baseISt13move_iteratorIPPN14WeatherStation8ObserverEELb1EE7_S_baseES5_" signature="">
							<lines>
								<line branch="false" hits="4" number="220"/>
							</lines>
						</method>
						<method branch-rate="0.0" line-rate="0.0" name="_ZNSt10_Iter_baseIN9__gnu_cxx17__normal_iteratorIPPN14WeatherStation8ObserverESt6vectorIS4_SaIS4_EEEELb1EE7_S_baseES9_" signature="">
							<lines>
								<line branch="false" hits="0" number="220"/>
							</lines>
						</method>
					</methods>
					<lines>
						<line branch="false" hits="0" number="201"/>
						<line branch="false" hits="0" number="202"/>
						<line branch="false" hits="6" number="212"/>
						<line branch="false" hits="6" number="213"/>
						<line branch="false" hits="4" number="220"/>
						<line branch="false" hits="4" number="221"/>
					</lines>
				</class>
				<class branch-rate="0.0" complexity="0" filename="../../../../../../../opt/Programs/buildroot-at91/output/host/usr/arm-buildroot-linux-gnueabi/include/c++/4.8.2/bits/stl_map.h" line-rate="0.8095238095238095" name=".....................opt.Programs.buildroot-at91.output.host.usr.arm-buildroot-linux-gnueabi.include.c++.4.8.2.bits.stl_map.h">
					<methods>
						<method branch-rate="1.0" line-rate="1.0" name="_ZNSt3mapISsN5Catch8TagAliasESt4lessISsESaISt4pairIKSsS1_EEED2Ev" signature="">
							<lines>
								<line branch="false" hits="1" number="96"/>
							</lines>
						</method>
						<method branch-rate="1.0" line-rate="1.0" name="_ZNSt3mapIiN5Catch5Clara11CommandLineINS0_10ConfigDataEE3ArgESt4lessIiESaISt4pairIKiS5_EEED2Ev" signature="">
							<lines>
								<line branch="false" hits="1" number="96"/>
							</lines>
						</method>
						<method branch-rate="1.0" line-rate="1.0" name="_ZNSt3mapISsN5Catch3PtrINS0_16IReporterFactoryEEESt4lessISsESaISt4pairIKSsS3_EEED2Ev" signature="">
							<lines>
								<line branch="false" hits="1" number="96"/>
							</lines>
						</method>
						<method branch-rate="0.0" line-rate="0.0" name="_ZNSt3mapISsPN5Catch14IGeneratorInfoESt4lessISsESaISt4pairIKSsS2_EEED2Ev" signature="">
							<lines>
								<line branch="false" hits="0" number="96"/>
							</lines>
						</method>
						<method branch-rate="0.0" line-rate="0.0" name="_ZNSt3mapISsN5Catch7TagInfoESt4lessISsESaISt4pairIKSsS1_EEED2Ev" signature="">
							<lines>
								<line branch="false" hits="0" number="96"/>
							</lines>
						</method>
						<method branch-rate="1.0" line-rate="1.0" name="_ZNSt3mapISsPN5Catch18IGeneratorsForTestESt4lessISsESaISt4pairIKSsS2_EEED2Ev" signature="">
							<lines>
								<line branch="false" hits="1" number="96"/>
							</lines>
						</method>
						<method branch-rate="1.0" line-rate="1.0" name="_ZNSt3mapISsN5Catch3PtrINS0_16IReporterFactoryEEESt4lessISsESaISt4pairIKSsS3_EEEC2Ev" signature="">
							<lines>
								<line branch="false" hits="1" number="160"/>
							</lines>
						</method>
						<method branch-rate="0.0" line-rate="0.0" name="_ZNSt3mapISsPN5Catch14IGeneratorInfoESt4lessISsESaISt4pairIKSsS2_EEEC2Ev" signature="">
							<lines>
								<line branch="false" hits="0" number="160"/>
							</lines>
						</method>
						<method branch-rate="1.0" line-rate="1.0" name="_ZNSt3mapISsN5Catch8TagAliasESt4lessISsESaISt4pairIKSsS1_EEEC2Ev" signature="">
							<lines>
								<line branch="false" hits="1" number="160"/>
							</lines>
						</method>
						<method branch-rate="1.0" line-rate="1.0" name="_ZNSt3mapISsPN5Catch18IGeneratorsForTestESt4lessISsESaISt4pairIKSsS2_EEEC2Ev" signature="">
							<lines>
								<line branch="false" hits="1" number="160"/>
							</lines>
						</method>
						<method branch-rate="0.0" line-rate="0.0" name="_ZNSt3mapISsN5Catch7TagInfoESt4lessISsESaISt4pairIKSsS1_EEEC2Ev" signature="">
							<lines>
								<line branch="false" hits="0" number="160"/>
							</lines>
						</method>
						<method branch-rate="1.0" line-rate="1.0" name="_ZNSt3mapIiN5Catch5Clara11CommandLineINS0_10ConfigDataEE3ArgESt4lessIiESaISt4pairIKiS5_EEEC2Ev" signature="">
							<lines>
								<line branch="false" hits="1" number="160"/>
							</lines>
						</method>
						<method branch-rate="1.0" line-rate="1.0" name="_ZNSt3mapISsPN5Catch18IGeneratorsForTestESt4lessISsESaISt4pairIKSsS2_EEE5beginEv" signature="">
							<lines>
								<line branch="false" hits="1" number="320"/>
							</lines>
						</method>
						<method branch-rate="0.0" line-rate="0.0" name="_ZNSt3mapISsN5Catch7TagInfoESt4lessISsESaISt4pairIKSsS1_EEE5beginEv" signature="">
							<lines>
								<line branch="false" hits="0" number="320"/>
							</lines>
						</method>
						<method branch-rate="1.0" line-rate="1.0" name="_ZNKSt3mapISsN5Catch8TagAliasESt4lessISsESaISt4pairIKSsS1_EEE5beginEv" signature="">
							<lines>
								<line branch="false" hits="1" number="329"/>
							</lines>
						</method>
						<method branch-rate="0.0" line-rate="0.0" name="_ZNKSt3mapISsN5Catch3PtrINS0_16IReporterFactoryEEESt4lessISsESaISt4pairIKSsS3_EEE5beginEv" signature="">
							<lines>
								<line branch="false" hits="0" number="329"/>
							</lines>
						</method>
						<method branch-rate="1.0" line-rate="1.0" name="_ZNSt3mapISsPN5Catch18IGeneratorsForTestESt4lessISsESaISt4pairIKSsS2_EEE3endEv" signature="">
							<lines>
								<line branch="false" hits="3" number="338"/>
							</lines>
						</method>
						<method branch-rate="0.0" line-rate="0.0" name="_ZNSt3mapISsPN5Catch14IGeneratorInfoESt4lessISsESaISt4pairIKSsS2_EEE3endEv" signature="">
							<lines>
								<line branch="false" hits="0" number="338"/>
							</lines>
						</method>
						<method branch-rate="0.0" line-rate="0.0" name="_ZNSt3mapISsN5Catch7TagInfoESt4lessISsESaISt4pairIKSsS1_EEE3endEv" signature="">
							<lines>
								<line branch="false" hits="0" number="338"/>
							</lines>
						</method>
						<method branch-rate="1.0" line-rate="1.0" name="_ZNKSt3mapISsN5Catch8TagAliasESt4lessISsESaISt4pairIKSsS1_EEE3endEv" signature="">
							<lines>
								<line branch="false" hits="1" number="347"/>
							</lines>
						</method>
						<method branch-rate="0.0" line-rate="0.0" name="_ZNKSt3mapIiN5Catch5Clara11CommandLineINS0_10ConfigDataEE3ArgESt4lessIiESaISt4pairIKiS5_EEE3endEv" signature="">
							<lines>
								<line branch="false" hits="0" number="347"/>
							</lines>
						</method>
						<method branch-rate="1.0" line-rate="1.0" name="_ZNKSt3mapISsN5Catch3PtrINS0_16IReporterFactoryEEESt4lessISsESaISt4pairIKSsS3_EEE3endEv" signature="">
							<lines>
								<line branch="false" hits="1" number="347"/>
							</lines>
						</method>
						<method branch-rate="0.0" line-rate="0.0" name="_ZNKSt3mapIiN5Catch5Clara11CommandLineINS0_10ConfigDataEE3ArgESt4lessIiESaISt4pairIKiS5_EEE5emptyEv" signature="">
							<lines>
								<line branch="false" hits="0" number="429"/>
							</lines>
						</method>
						<method branch-rate="0.0" line-rate="0.0" name="_ZNKSt3mapISsN5Catch3PtrINS0_16IReporterFactoryEEESt4lessISsESaISt4pairIKSsS3_EEE4sizeEv" signature="">
							<lines>
								<line branch="false" hits="0" number="434"/>
							</lines>
						</method>
						<method branch-rate="0.0" line-rate="0.0" name="_ZNKSt3mapISsN5Catch7TagInfoESt4lessISsESaISt4pairIKSsS1_EEE4sizeEv" signature="">
							<lines>
								<line branch="false" hits="0" number="434"/>
							</lines>
						</method>
						<method branch-rate="0.0" line-rate="0.0" name="_ZNSt3mapISsN5Catch7TagInfoESt4lessISsESaISt4pairIKSsS1_EEE6insertIS4_ISsS1_EvEES4_ISt17_Rb_tree_iteratorIS6_EbEOT_" signature="">
							<lines>
								<line branch="false" hits="0" number="602"/>
							</lines>
						</method>
						<method branch-rate="0.0" line-rate="0.0" name="_ZNSt3mapISsPN5Catch14IGeneratorInfoESt4lessISsESaISt4pairIKSsS2_EEE6insertIS5_ISsS2_EvEES5_ISt17_Rb_tree_iteratorIS7_EbEOT_" signature="">
							<lines>
								<line branch="false" hits="0" number="602"/>
							</lines>
						</method>
						<method branch-rate="0.0" line-rate="0.0" name="_ZNSt3mapISsPN5Catch18IGeneratorsForTestESt4lessISsESaISt4pairIKSsS2_EEE6insertIS5_ISsS2_EvEES5_ISt17_Rb_tree_iteratorIS7_EbEOT_" signature="">
							<lines>
								<line branch="false" hits="0" number="602"/>
							</lines>
						</method>
						<method branch-rate="1.0" line-rate="1.0" name="_ZNSt3mapISsN5Catch3PtrINS0_16IReporterFactoryEEESt4lessISsESaISt4pairIKSsS3_EEE6insertIS6_ISsS3_EvEES6_ISt17_Rb_tree_iteratorIS8_EbEOT_" signature="">
							<lines>
								<line branch="false" hits="4" number="602"/>
							</lines>
						</method>
						<method branch-rate="0.0" line-rate="0.0" name="_ZNSt3mapISsN5Catch8TagAliasESt4lessISsESaISt4pairIKSsS1_EEE6insertIS4_IPKcS1_EvEES4_ISt17_Rb_tree_iteratorIS6_EbEOT_" signature="">
							<lines>
								<line branch="false" hits="0" number="602"/>
							</lines>
						</method>
						<method branch-rate="1.0" line-rate="1.0" name="_ZNSt3mapISsPN5Catch18IGeneratorsForTestESt4lessISsESaISt4pairIKSsS2_EEE4findERS6_" signature="">
							<lines>
								<line branch="false" hits="2" number="821"/>
							</lines>
						</method>
						<method branch-rate="0.0" line-rate="0.0" name="_ZNSt3mapISsPN5Catch14IGeneratorInfoESt4lessISsESaISt4pairIKSsS2_EEE4findERS6_" signature="">
							<lines>
								<line branch="false" hits="0" number="821"/>
							</lines>
						</method>
						<method branch-rate="0.0" line-rate="0.0" name="_ZNSt3mapISsN5Catch7TagInfoESt4lessISsESaISt4pairIKSsS1_EEE4findERS5_" signature="">
							<lines>
								<line branch="false" hits="0" number="821"/>
							</lines>
						</method>
						<method branch-rate="0.0" line-rate="0.0" name="_ZNKSt3mapISsN5Catch8TagAliasESt4lessISsESaISt4pairIKSsS1_EEE4findERS5_" signature="">
							<lines>
								<line branch="false" hits="0" number="836"/>
							</lines>
						</method>
						<method branch-rate="0.0" line-rate="0.0" name="_ZNKSt3mapIiN5Catch5Clara11CommandLineINS0_10ConfigDataEE3ArgESt4lessIiESaISt4pairIKiS5_EEE4findERS9_" signature="">
							<lines>
								<line branch="false" hits="0" number="836"/>
							</lines>
						</method>
						<method branch-rate="1.0" line-rate="1.0" name="_ZNKSt3mapISsN5Catch3PtrINS0_16IReporterFactoryEEESt4lessISsESaISt4pairIKSsS3_EEE4findERS7_" signature="">
							<lines>
								<line branch="false" hits="1" number="836"/>
							</lines>
						</method>
					</methods>
					<lines>
						<line branch="false" hits="4" number="96"/>
						<line branch="false" hits="4" number="160"/>
						<line branch="false" hits="4" number="161"/>
						<line branch="false" hits="1" number="320"/>
						<line branch="false" hits="1" number="321"/>
						<line branch="false" hits="1" number="329"/>
						<line branch="false" hits="1" number="330"/>
						<line branch="false" hits="3" number="338"/>
						<line branch="false" hits="3" number="339"/>
						<line branch="false" hits="2" number="347"/>
						<line branch="false" hits="2" number="348"/>
						<line branch="false" hits="0" number="429"/>
						<line branch="false" hits="0" number="430"/>
						<line branch="false" hits="0" number="434"/>
						<line branch="false" hits="0" number="435"/>
						<line branch="false" hits="4" number="602"/>
						<line branch="false" hits="4" number="603"/>
						<line branch="false" hits="2" number="821"/>
						<line branch="false" hits="2" number="822"/>
						<line branch="false" hits="1" number="836"/>
						<line branch="false" hits="1" number="837"/>
					</lines>
				</class>
				<class branch-rate="0.0" complexity="0" filename="../../../../../../../opt/Programs/buildroot-at91/output/host/usr/arm-buildroot-linux-gnueabi/include/c++/4.8.2/bits/stl_pair.h" line-rate="0.7142857142857143" name=".....................opt.Programs.buildroot-at91.output.host.usr.arm-buildroot-linux-gnueabi.include.c++.4.8.2.bits.stl_pair.h">
					<methods>
						<method branch-rate="0.0" line-rate="0.0" name="_ZNSt4pairIKiN5Catch5Clara11CommandLineINS1_10ConfigDataEE3ArgEED2Ev" signature="">
							<lines>
								<line branch="false" hits="0" number="96"/>
							</lines>
						</method>
						<method branch-rate="0.0" line-rate="0.0" name="_ZNSt4pairIKSsN5Catch7TagInfoEED2Ev" signature="">
							<lines>
								<line branch="false" hits="0" number="96"/>
							</lines>
						</method>
						<method branch-rate="0.0" line-rate="0.0" name="_ZNSt4pairISsPN5Catch18IGeneratorsForTestEED2Ev" signature="">
							<lines>
								<line branch="false" hits="0" number="96"/>
							</lines>
						</method>
						<method branch-rate="0.0" line-rate="0.0" name="_ZNSt4pairIKSsN5Catch8TagAliasEED2Ev" signature="">
							<lines>
								<line branch="false" hits="0" number="96"/>
							</lines>
						</method>
						<method branch-rate="0.0" line-rate="0.0" name="_ZNSt4pairIKSsPN5Catch14IGeneratorInfoEED2Ev" signature="">
							<lines>
								<line branch="false" hits="0" number="96"/>
							</lines>
						</method>
						<method branch-rate="0.0" line-rate="0.0" name="_ZNSt4pairIKSsPN5Catch18IGeneratorsForTestEED2Ev" signature="">
							<lines>
								<line branch="false" hits="0" number="96"/>
							</lines>
						</method>
						<method branch-rate="1.0" line-rate="1.0" name="_ZNSt4pairIKSsN5Catch3PtrINS1_16IReporterFactoryEEEED2Ev" signature="">
							<lines>
								<line branch="false" hits="4" number="96"/>
							</lines>
						</method>
						<method branch-rate="0.0" line-rate="0.0" name="_ZNSt4pairISsPN5Catch14IGeneratorInfoEED2Ev" signature="">
							<lines>
								<line branch="false" hits="0" number="96"/>
							</lines>
						</method>
						<method branch-rate="0.0" line-rate="0.0" name="_ZNSt4pairIPKcN5Catch8TagAliasEED2Ev" signature="">
							<lines>
								<line branch="false" hits="0" number="96"/>
							</lines>
						</method>
						<method branch-rate="1.0" line-rate="1.0" name="_ZNSt4pairISsN5Catch3PtrINS0_16IReporterFactoryEEEED2Ev" signature="">
							<lines>
								<line branch="false" hits="4" number="96"/>
							</lines>
						</method>
						<method branch-rate="0.0" line-rate="0.0" name="_ZNSt4pairISsN5Catch7TagInfoEED2Ev" signature="">
							<lines>
								<line branch="false" hits="0" number="96"/>
							</lines>
						</method>
						<method branch-rate="1.0" line-rate="1.0" name="_ZNSt4pairISsN5Catch3PtrINS0_16IReporterFactoryEEEEC1ERKSsRKS3_" signature="">
							<lines>
								<line branch="false" hits="4" number="112"/>
							</lines>
						</method>
						<method branch-rate="0.0" line-rate="0.0" name="_ZNSt4pairIPSt18_Rb_tree_node_baseS1_EC2IRS1_vEEOT_RKS1_" signature="">
							<lines>
								<line branch="false" hits="0" number="133"/>
							</lines>
						</method>
						<method branch-rate="0.0" line-rate="0.0" name="_ZNSt4pairISsPN5Catch14IGeneratorInfoEEC1IRS2_vEERKSsOT_" signature="">
							<lines>
								<line branch="false" hits="0" number="138"/>
							</lines>
						</method>
						<method branch-rate="0.0" line-rate="0.0" name="_ZNSt4pairIPSt18_Rb_tree_node_baseS1_EC2IRPSt13_Rb_tree_nodeIS_IKSsPN5Catch18IGeneratorsForTestEEESC_vEEOT_OT0_" signature="">
							<lines>
								<line branch="false" hits="0" number="144"/>
							</lines>
						</method>
						<method branch-rate="0.0" line-rate="0.0" name="_ZNSt4pairISt17_Rb_tree_iteratorIS_IKSsPN5Catch14IGeneratorInfoEEEbEC2IS6_bvEEOT_OT0_" signature="">
							<lines>
								<line branch="false" hits="0" number="144"/>
							</lines>
						</method>
						<method branch-rate="0.0" line-rate="0.0" name="_ZNSt4pairIPSt18_Rb_tree_node_baseS1_EC2IRPSt13_Rb_tree_nodeIS_IKSsPN5Catch14IGeneratorInfoEEESC_vEEOT_OT0_" signature="">
							<lines>
								<line branch="false" hits="0" number="144"/>
							</lines>
						</method>
						<method branch-rate="1.0" line-rate="1.0" name="_ZNSt4pairIPSt18_Rb_tree_node_baseS1_EC2IRPSt13_Rb_tree_nodeIS_IKSsN5Catch3PtrINS6_16IReporterFactoryEEEEESD_vEEOT_OT0_" signature="">
							<lines>
								<line branch="false" hits="4" number="144"/>
							</lines>
						</method>
						<method branch-rate="0.0" line-rate="0.0" name="_ZNSt4pairIPSt18_Rb_tree_node_baseS1_EC2IRPSt13_Rb_tree_nodeIS_IKSsN5Catch7TagInfoEEESB_vEEOT_OT0_" signature="">
							<lines>
								<line branch="false" hits="0" number="144"/>
							</lines>
						</method>
						<method branch-rate="0.0" line-rate="0.0" name="_ZNSt4pairISsPN5Catch18IGeneratorsForTestEEC1IRSsRS2_vEEOT_OT0_" signature="">
							<lines>
								<line branch="false" hits="0" number="144"/>
							</lines>
						</method>
						<method branch-rate="1.0" line-rate="1.0" name="_ZNSt4pairISt23_Rb_tree_const_iteratorISsEbEC2IRSt17_Rb_tree_iteratorISsERbvEEOT_OT0_" signature="">
							<lines>
								<line branch="false" hits="4" number="144"/>
							</lines>
						</method>
						<method branch-rate="0.0" line-rate="0.0" name="_ZNSt4pairIPKcN5Catch8TagAliasEEC1IRS1_S3_vEEOT_OT0_" signature="">
							<lines>
								<line branch="false" hits="0" number="144"/>
							</lines>
						</method>
						<method branch-rate="1.0" line-rate="1.0" name="_ZNSt4pairISt17_Rb_tree_iteratorIS_IKSsN5Catch3PtrINS2_16IReporterFactoryEEEEEbEC2IS7_bvEEOT_OT0_" signature="">
							<lines>
								<line branch="false" hits="4" number="144"/>
							</lines>
						</method>
						<method branch-rate="0.0" line-rate="0.0" name="_ZNSt4pairISt17_Rb_tree_iteratorIS_IKSsN5Catch8TagAliasEEEbEC2IS5_bvEEOT_OT0_" signature="">
							<lines>
								<line branch="false" hits="0" number="144"/>
							</lines>
						</method>
						<method branch-rate="0.0" line-rate="0.0" name="_ZNSt4pairIPSt18_Rb_tree_node_baseS1_EC2IRPSt13_Rb_tree_nodeIS_IKSsN5Catch8TagAliasEEESB_vEEOT_OT0_" signature="">
							<lines>
								<line branch="false" hits="0" number="144"/>
							</lines>
						</method>
						<method branch-rate="1.0" line-rate="1.0" name="_ZNSt4pairISt23_Rb_tree_const_iteratorIN5Catch8TestCaseEEbEC2IRSt17_Rb_tree_iteratorIS2_ERbvEEOT_OT0_" signature="">
							<lines>
								<line branch="false" hits="2" number="144"/>
							</lines>
						</method>
						<method branch-rate="1.0" line-rate="1.0" name="_ZNSt4pairIPSt18_Rb_tree_node_baseS1_EC2IRPSt13_Rb_tree_nodeIN5Catch8TestCaseEES9_vEEOT_OT0_" signature="">
							<lines>
								<line branch="false" hits="2" number="144"/>
							</lines>
						</method>
						<method branch-rate="1.0" line-rate="1.0" name="_ZNSt4pairISt17_Rb_tree_iteratorIN5Catch8TestCaseEEbEC2IS3_bvEEOT_OT0_" signature="">
							<lines>
								<line branch="false" hits="2" number="144"/>
							</lines>
						</method>
						<method branch-rate="0.0" line-rate="0.0" name="_ZNSt4pairISt17_Rb_tree_iteratorIS_IKSsN5Catch7TagInfoEEEbEC2IS5_bvEEOT_OT0_" signature="">
							<lines>
								<line branch="false" hits="0" number="144"/>
							</lines>
						</method>
						<method branch-rate="0.0" line-rate="0.0" name="_ZNSt4pairISsN5Catch7TagInfoEEC1IRSsS1_vEEOT_OT0_" signature="">
							<lines>
								<line branch="false" hits="0" number="144"/>
							</lines>
						</method>
						<method branch-rate="0.0" line-rate="0.0" name="_ZNSt4pairISt17_Rb_tree_iteratorIS_IKSsPN5Catch18IGeneratorsForTestEEEbEC2IS6_bvEEOT_OT0_" signature="">
							<lines>
								<line branch="false" hits="0" number="144"/>
							</lines>
						</method>
						<method branch-rate="1.0" line-rate="1.0" name="_ZNSt4pairIPSt18_Rb_tree_node_baseS1_EC2IRPSt13_Rb_tree_nodeISsES7_vEEOT_OT0_" signature="">
							<lines>
								<line branch="false" hits="4" number="144"/>
							</lines>
						</method>
						<method branch-rate="1.0" line-rate="1.0" name="_ZNSt4pairISt17_Rb_tree_iteratorISsEbEC2IS1_bvEEOT_OT0_" signature="">
							<lines>
								<line branch="false" hits="4" number="144"/>
							</lines>
						</method>
						<method branch-rate="0.0" line-rate="0.0" name="_ZNSt4pairIKSsN5Catch8TagAliasEEC1IPKcS2_vEEOS_IT_T0_E" signature="">
							<lines>
								<line branch="false" hits="0" number="150"/>
							</lines>
						</method>
						<method branch-rate="1.0" line-rate="1.0" name="_ZNSt4pairIKSsN5Catch3PtrINS1_16IReporterFactoryEEEEC1ISsS4_vEEOS_IT_T0_E" signature="">
							<lines>
								<line branch="false" hits="4" number="150"/>
							</lines>
						</method>
						<method branch-rate="0.0" line-rate="0.0" name="_ZNSt4pairIKSsPN5Catch14IGeneratorInfoEEC1ISsS3_vEEOS_IT_T0_E" signature="">
							<lines>
								<line branch="false" hits="0" number="150"/>
							</lines>
						</method>
						<method branch-rate="0.0" line-rate="0.0" name="_ZNSt4pairIKSsPN5Catch18IGeneratorsForTestEEC1ISsS3_vEEOS_IT_T0_E" signature="">
							<lines>
								<line branch="false" hits="0" number="150"/>
							</lines>
						</method>
						<method branch-rate="0.0" line-rate="0.0" name="_ZNSt4pairIKSsN5Catch7TagInfoEEC1ISsS2_vEEOS_IT_T0_E" signature="">
							<lines>
								<line branch="false" hits="0" number="150"/>
							</lines>
						</method>
						<method branch-rate="1.0" line-rate="1.0" name="_ZSt9make_pairIRKSsRKN5Catch3PtrINS2_16IReporterFactoryEEEESt4pairINSt17__decay_and_stripIT_E6__typeENS9_IT0_E6__typeEEOSA_OSD_" signature="">
							<lines>
								<line branch="false" hits="4" number="276"/>
							</lines>
						</method>
						<method branch-rate="0.0" line-rate="0.0" name="_ZSt9make_pairIRSsRPN5Catch18IGeneratorsForTestEESt4pairINSt17__decay_and_stripIT_E6__typeENS6_IT0_E6__typeEEOS7_OSA_" signature="">
							<lines>
								<line branch="false" hits="0" number="276"/>
							</lines>
						</method>
						<method branch-rate="0.0" line-rate="0.0" name="_ZSt9make_pairIRPKcN5Catch8TagAliasEESt4pairINSt17__decay_and_stripIT_E6__typeENS6_IT0_E6__typeEEOS7_OSA_" signature="">
							<lines>
								<line branch="false" hits="0" number="276"/>
							</lines>
						</method>
						<method branch-rate="0.0" line-rate="0.0" name="_ZSt9make_pairIRSsN5Catch7TagInfoEESt4pairINSt17__decay_and_stripIT_E6__typeENS4_IT0_E6__typeEEOS5_OS8_" signature="">
							<lines>
								<line branch="false" hits="0" number="276"/>
							</lines>
						</method>
						<method branch-rate="0.0" line-rate="0.0" name="_ZSt9make_pairIRKSsRPN5Catch14IGeneratorInfoEESt4pairINSt17__decay_and_stripIT_E6__typeENS7_IT0_E6__typeEEOS8_OSB_" signature="">
							<lines>
								<line branch="false" hits="0" number="276"/>
							</lines>
						</method>
					</methods>
					<lines>
						<line branch="false" hits="8" number="96"/>
						<line branch="false" hits="4" number="112"/>
						<line branch="false" hits="4" number="113"/>
						<line branch="false" hits="0" number="133"/>
						<line branch="false" hits="0" number="134"/>
						<line branch="false" hits="0" number="138"/>
						<line branch="false" hits="0" number="139"/>
						<line branch="false" hits="26" number="144"/>
						<line branch="false" hits="26" number="145"/>
						<line branch="false" hits="4" number="150"/>
						<line branch="false" hits="4" number="151"/>
						<line branch="false" hits="8" number="152"/>
						<line branch="false" hits="4" number="276"/>
						<line branch="false" hits="4" number="281"/>
					</lines>
				</class>
				<class branch-rate="0.0" complexity="0" filename="../../../../../../../opt/Programs/buildroot-at91/output/host/usr/arm-buildroot-linux-gnueabi/include/c++/4.8.2/bits/stl_set.h" line-rate="0.6785714285714286" name=".....................opt.Programs.buildroot-at91.output.host.usr.arm-buildroot-linux-gnueabi.include.c++.4.8.2.bits.stl_set.h">
					<methods>
						<method branch-rate="1.0" line-rate="1.0" name="_ZNSt3setISsSt4lessISsESaISsEED2Ev" signature="">
							<lines>
								<line branch="false" hits="36" number="90"/>
							</lines>
						</method>
						<method branch-rate="1.0" line-rate="1.0" name="_ZNSt3setIN5Catch8TestCaseESt4lessIS1_ESaIS1_EED2Ev" signature="">
							<lines>
								<line branch="false" hits="1" number="90"/>
							</lines>
						</method>
						<method branch-rate="1.0" line-rate="1.0" name="_ZNSt3setIN5Catch8TestCaseESt4lessIS1_ESaIS1_EEC2Ev" signature="">
							<lines>
								<line branch="false" hits="1" number="139"/>
							</lines>
						</method>
						<method branch-rate="1.0" line-rate="1.0" name="_ZNSt3setISsSt4lessISsESaISsEEC2Ev" signature="">
							<lines>
								<line branch="false" hits="6" number="139"/>
							</lines>
						</method>
						<method branch-rate="1.0" line-rate="1.0" name="_ZNSt3setISsSt4lessISsESaISsEEC2ERKS3_" signature="">
							<lines>
								<line branch="false" hits="30" number="193"/>
							</lines>
						</method>
						<method branch-rate="0.0" line-rate="0.0" name="_ZNSt3setISsSt4lessISsESaISsEEC2EOS3_" signature="">
							<lines>
								<line branch="false" hits="0" number="204"/>
							</lines>
						</method>
						<method branch-rate="1.0" line-rate="1.0" name="_ZNSt3setISsSt4lessISsESaISsEEaSERKS3_" signature="">
							<lines>
								<line branch="false" hits="2" number="233"/>
							</lines>
						</method>
						<method branch-rate="1.0" line-rate="1.0" name="_ZNKSt3setISsSt4lessISsESaISsEE5beginEv" signature="">
							<lines>
								<line branch="false" hits="2" number="298"/>
							</lines>
						</method>
						<method branch-rate="1.0" line-rate="1.0" name="_ZNKSt3setISsSt4lessISsESaISsEE3endEv" signature="">
							<lines>
								<line branch="false" hits="4" number="307"/>
							</lines>
						</method>
						<method branch-rate="0.0" line-rate="0.0" name="_ZNKSt3setISsSt4lessISsESaISsEE5emptyEv" signature="">
							<lines>
								<line branch="false" hits="0" number="368"/>
							</lines>
						</method>
						<method branch-rate="0.0" line-rate="0.0" name="_ZNSt3setISsSt4lessISsESaISsEE4swapERS3_" signature="">
							<lines>
								<line branch="false" hits="0" number="393"/>
							</lines>
						</method>
						<method branch-rate="1.0" line-rate="1.0" name="_ZNSt3setIN5Catch8TestCaseESt4lessIS1_ESaIS1_EE6insertERKS1_" signature="">
							<lines>
								<line branch="false" hits="2" number="460"/>
							</lines>
						</method>
						<method branch-rate="1.0" line-rate="1.0" name="_ZNSt3setISsSt4lessISsESaISsEE6insertERKSs" signature="">
							<lines>
								<line branch="false" hits="4" number="460"/>
							</lines>
						</method>
						<method branch-rate="0.0" line-rate="0.0" name="_ZNSt3setISsSt4lessISsESaISsEE6insertEOSs" signature="">
							<lines>
								<line branch="false" hits="0" number="469"/>
							</lines>
						</method>
						<method branch-rate="1.0" line-rate="1.0" name="_ZNSt3setISsSt4lessISsESaISsEE5clearEv" signature="">
							<lines>
								<line branch="false" hits="2" number="630"/>
							</lines>
						</method>
						<method branch-rate="1.0" line-rate="1.0" name="_ZNKSt3setISsSt4lessISsESaISsEE4findERKSs" signature="">
							<lines>
								<line branch="false" hits="2" number="666"/>
							</lines>
						</method>
					</methods>
					<lines>
						<line branch="false" hits="37" number="90"/>
						<line branch="false" hits="7" number="139"/>
						<line branch="false" hits="7" number="140"/>
						<line branch="false" hits="30" number="193"/>
						<line branch="false" hits="30" number="194"/>
						<line branch="false" hits="0" number="204"/>
						<line branch="false" hits="0" number="206"/>
						<line branch="false" hits="2" number="233"/>
						<line branch="false" hits="2" number="235"/>
						<line branch="false" hits="2" number="236"/>
						<line branch="false" hits="2" number="298"/>
						<line branch="false" hits="2" number="299"/>
						<line branch="false" hits="4" number="307"/>
						<line branch="false" hits="4" number="308"/>
						<line branch="false" hits="0" number="368"/>
						<line branch="false" hits="0" number="369"/>
						<line branch="false" hits="0" number="393"/>
						<line branch="false" hits="0" number="394"/>
						<line branch="false" hits="6" number="460"/>
						<line branch="false" hits="6" number="463"/>
						<line branch="false" hits="6" number="464"/>
						<line branch="false" hits="0" number="469"/>
						<line branch="false" hits="0" number="472"/>
						<line branch="false" hits="0" number="473"/>
						<line branch="false" hits="2" number="630"/>
						<line branch="false" hits="2" number="631"/>
						<line branch="false" hits="2" number="666"/>
						<line branch="false" hits="2" number="667"/>
					</lines>
				</class>
				<class branch-rate="0.0" complexity="0" filename="../../../../../../../opt/Programs/buildroot-at91/output/host/usr/arm-buildroot-linux-gnueabi/include/c++/4.8.2/bits/stl_tree.h" line-rate="0.718978102189781" name=".....................opt.Programs.buildroot-at91.output.host.usr.arm-buildroot-linux-gnueabi.include.c++.4.8.2.bits.stl_tree.h">
					<methods>
						<method branch-rate="1.0" line-rate="1.0" name="_ZNSt18_Rb_tree_node_base10_S_minimumEPS_" signature="">
							<lines>
								<line branch="false" hits="32" number="102"/>
							</lines>
						</method>
						<method branch-rate="1.0" line-rate="1.0" name="_ZNSt18_Rb_tree_node_base10_S_maximumEPS_" signature="">
							<lines>
								<line branch="false" hits="32" number="116"/>
							</lines>
						</method>
						<method branch-rate="0.0" line-rate="0.0" name="_ZNSt13_Rb_tree_nodeISt4pairIKSsN5Catch7TagInfoEEED2Ev" signature="">
							<lines>
								<line branch="false" hits="0" number="131"/>
							</lines>
						</method>
						<method branch-rate="1.0" line-rate="1.0" name="_ZNSt13_Rb_tree_nodeISsED2Ev" signature="">
							<lines>
								<line branch="false" hits="36" number="131"/>
							</lines>
						</method>
						<method branch-rate="0.0" line-rate="0.0" name="_ZNSt13_Rb_tree_nodeISt4pairIKiN5Catch5Clara11CommandLineINS2_10ConfigDataEE3ArgEEED2Ev" signature="">
							<lines>
								<line branch="false" hits="0" number="131"/>
							</lines>
						</method>
						<method branch-rate="0.0" line-rate="0.0" name="_ZNSt13_Rb_tree_nodeISt4pairIKSsN5Catch8TagAliasEEED2Ev" signature="">
							<lines>
								<line branch="false" hits="0" number="131"/>
							</lines>
						</method>
						<method branch-rate="0.0" line-rate="0.0" name="_ZNSt13_Rb_tree_nodeISt4pairIKSsPN5Catch14IGeneratorInfoEEED2Ev" signature="">
							<lines>
								<line branch="false" hits="0" number="131"/>
							</lines>
						</method>
						<method branch-rate="1.0" line-rate="1.0" name="_ZNSt13_Rb_tree_nodeIN5Catch8TestCaseEED2Ev" signature="">
							<lines>
								<line branch="false" hits="2" number="131"/>
							</lines>
						</method>
						<method branch-rate="0.0" line-rate="0.0" name="_ZNSt13_Rb_tree_nodeISt4pairIKSsPN5Catch18IGeneratorsForTestEEED2Ev" signature="">
							<lines>
[...]
							<lines>
								<line branch="false" hits="0" number="6"/>
							</lines>
						</method>
						<method branch-rate="0.0" line-rate="0.0" name="_ZN14WeatherStation24CurrentConditionsDisplayD0Ev" signature="">
							<lines>
								<line branch="false" hits="0" number="12"/>
							</lines>
						</method>
						<method branch-rate="0.0" line-rate="0.0" name="_ZN14WeatherStation24CurrentConditionsDisplayD2Ev" signature="">
							<lines>
								<line branch="false" hits="0" number="12"/>
							</lines>
						</method>
						<method branch-rate="0.0" line-rate="0.0" name="_ZN14WeatherStation24CurrentConditionsDisplay6updateEfff" signature="">
							<lines>
								<line branch="false" hits="0" number="18"/>
							</lines>
						</method>
						<method branch-rate="0.0" line-rate="0.0" name="_ZN14WeatherStation24CurrentConditionsDisplay7displayEv" signature="">
							<lines>
								<line branch="false" hits="0" number="27"/>
							</lines>
						</method>
						<method branch-rate="0.0" line-rate="0.0" name="_GLOBAL__sub_D__ZN14WeatherStation24CurrentConditionsDisplayC2EPNS_7SubjectE" signature="">
							<lines>
								<line branch="false" hits="0" number="37"/>
							</lines>
						</method>
						<method branch-rate="1.0" line-rate="1.0" name="_GLOBAL__sub_I__ZN14WeatherStation24CurrentConditionsDisplayC2EPNS_7SubjectE" signature="">
							<lines>
								<line branch="false" hits="1" number="37"/>
							</lines>
						</method>
						<method branch-rate="1.0" line-rate="1.0" name="_Z41__static_initialization_and_destruction_0ii" signature="">
							<lines>
								<line branch="false" hits="1" number="37"/>
							</lines>
						</method>
					</methods>
					<lines>
						<line branch="false" hits="0" number="6"/>
						<line branch="false" hits="0" number="7"/>
						<line branch="false" hits="0" number="8"/>
						<line branch="false" hits="0" number="10"/>
						<line branch="false" hits="0" number="12"/>
						<line branch="false" hits="0" number="16"/>
						<line branch="false" hits="0" number="18"/>
						<line branch="false" hits="0" number="20"/>
						<line branch="false" hits="0" number="21"/>
						<line branch="false" hits="0" number="22"/>
						<line branch="false" hits="0" number="23"/>
						<line branch="false" hits="0" number="25"/>
						<line branch="false" hits="0" number="27"/>
						<line branch="false" hits="0" number="29"/>
						<line branch="false" hits="0" number="30"/>
						<line branch="false" hits="0" number="31"/>
						<line branch="false" hits="0" number="32"/>
						<line branch="false" hits="0" number="33"/>
						<line branch="false" hits="0" number="34"/>
						<line branch="false" hits="0" number="35"/>
						<line branch="false" hits="0" number="36"/>
						<line branch="false" hits="3" number="37"/>
					</lines>
				</class>
				<class branch-rate="0.0" complexity="0" filename="../../src/Observer.cpp" line-rate="0.6666666666666666" name="......src.Observer.cpp">
					<methods>
						<method branch-rate="1.0" line-rate="1.0" name="_ZN14WeatherStation8ObserverC2Ev" signature="">
							<lines>
								<line branch="false" hits="2" number="5"/>
							</lines>
						</method>
						<method branch-rate="0.0" line-rate="0.0" name="_ZN14WeatherStation8ObserverD0Ev" signature="">
							<lines>
								<line branch="false" hits="0" number="12"/>
							</lines>
						</method>
						<method branch-rate="1.0" line-rate="1.0" name="_ZN14WeatherStation8ObserverD2Ev" signature="">
							<lines>
								<line branch="false" hits="2" number="12"/>
							</lines>
						</method>
						<method branch-rate="0.0" line-rate="0.0" name="_ZN14WeatherStation8Observer6updateEfff" signature="">
							<lines>
								<line branch="false" hits="0" number="18"/>
							</lines>
						</method>
					</methods>
					<lines>
						<line branch="false" hits="2" number="5"/>
						<line branch="false" hits="2" number="9"/>
						<line branch="false" hits="2" number="12"/>
						<line branch="false" hits="2" number="16"/>
						<line branch="false" hits="0" number="18"/>
						<line branch="false" hits="0" number="21"/>
					</lines>
				</class>
				<class branch-rate="0.0" complexity="0" filename="../../src/Subject.cpp" line-rate="0.4" name="......src.Subject.cpp">
					<methods>
						<method branch-rate="1.0" line-rate="1.0" name="_ZN14WeatherStation7SubjectC2Ev" signature="">
							<lines>
								<line branch="false" hits="2" number="6"/>
							</lines>
						</method>
						<method branch-rate="1.0" line-rate="1.0" name="_ZN14WeatherStation7SubjectD2Ev" signature="">
							<lines>
								<line branch="false" hits="2" number="11"/>
							</lines>
						</method>
						<method branch-rate="0.0" line-rate="0.0" name="_ZN14WeatherStation7SubjectD0Ev" signature="">
							<lines>
								<line branch="false" hits="0" number="11"/>
							</lines>
						</method>
						<method branch-rate="0.0" line-rate="0.0" name="_ZN14WeatherStation7Subject16registerObserverEPNS_8ObserverE" signature="">
							<lines>
								<line branch="false" hits="0" number="16"/>
							</lines>
						</method>
						<method branch-rate="0.0" line-rate="0.0" name="_ZN14WeatherStation7Subject14removeObserverEPNS_8ObserverE" signature="">
							<lines>
								<line branch="false" hits="0" number="23"/>
							</lines>
						</method>
						<method branch-rate="0.0" line-rate="0.0" name="_ZN14WeatherStation7Subject15notifyObserversEv" signature="">
							<lines>
								<line branch="false" hits="0" number="29"/>
							</lines>
						</method>
					</methods>
					<lines>
						<line branch="false" hits="2" number="6"/>
						<line branch="false" hits="2" number="9"/>
						<line branch="false" hits="2" number="11"/>
						<line branch="false" hits="2" number="14"/>
						<line branch="false" hits="0" number="16"/>
						<line branch="false" hits="0" number="20"/>
						<line branch="false" hits="0" number="23"/>
						<line branch="false" hits="0" number="26"/>
						<line branch="false" hits="0" number="29"/>
						<line branch="false" hits="0" number="32"/>
					</lines>
				</class>
				<class branch-rate="0.0" complexity="0" filename="../../src/HeatIndexDisplay.cpp" line-rate="0.05263157894736842" name="......src.HeatIndexDisplay.cpp">
					<methods>
						<method branch-rate="0.0" line-rate="0.0" name="_ZN14WeatherStation16HeatIndexDisplayC2EPNS_7SubjectE" signature="">
							<lines>
								<line branch="false" hits="0" number="6"/>
							</lines>
						</method>
						<method branch-rate="0.0" line-rate="0.0" name="_ZN14WeatherStation16HeatIndexDisplayD0Ev" signature="">
							<lines>
								<line branch="false" hits="0" number="12"/>
							</lines>
						</method>
						<method branch-rate="0.0" line-rate="0.0" name="_ZN14WeatherStation16HeatIndexDisplayD2Ev" signature="">
							<lines>
								<line branch="false" hits="0" number="12"/>
							</lines>
						</method>
						<method branch-rate="0.0" line-rate="0.0" name="_ZN14WeatherStation16HeatIndexDisplay6updateEfff" signature="">
							<lines>
								<line branch="false" hits="0" number="17"/>
							</lines>
						</method>
						<method branch-rate="0.0" line-rate="0.0" name="_ZN14WeatherStation16HeatIndexDisplay16computeHeatIndexEff" signature="">
							<lines>
								<line branch="false" hits="0" number="25"/>
							</lines>
						</method>
						<method branch-rate="0.0" line-rate="0.0" name="_ZN14WeatherStation16HeatIndexDisplay7displayEv" signature="">
							<lines>
								<line branch="false" hits="0" number="31"/>
							</lines>
						</method>
						<method branch-rate="1.0" line-rate="1.0" name="_Z41__static_initialization_and_destruction_0ii" signature="">
							<lines>
								<line branch="false" hits="1" number="35"/>
							</lines>
						</method>
						<method branch-rate="0.0" line-rate="0.0" name="_GLOBAL__sub_D__ZN14WeatherStation16HeatIndexDisplayC2EPNS_7SubjectE" signature="">
							<lines>
								<line branch="false" hits="0" number="35"/>
							</lines>
						</method>
						<method branch-rate="1.0" line-rate="1.0" name="_GLOBAL__sub_I__ZN14WeatherStation16HeatIndexDisplayC2EPNS_7SubjectE" signature="">
							<lines>
								<line branch="false" hits="1" number="35"/>
							</lines>
						</method>
					</methods>
					<lines>
						<line branch="false" hits="0" number="6"/>
						<line branch="false" hits="0" number="7"/>
						<line branch="false" hits="0" number="8"/>
						<line branch="false" hits="0" number="10"/>
						<line branch="false" hits="0" number="12"/>
						<line branch="false" hits="0" number="15"/>
						<line branch="false" hits="0" number="17"/>
						<line branch="false" hits="0" number="19"/>
						<line branch="false" hits="0" number="20"/>
						<line branch="false" hits="0" number="21"/>
						<line branch="false" hits="0" number="22"/>
						<line branch="false" hits="0" number="23"/>
						<line branch="false" hits="0" number="25"/>
						<line branch="false" hits="0" number="26"/>
						<line branch="false" hits="0" number="27"/>
						<line branch="false" hits="0" number="31"/>
						<line branch="false" hits="0" number="33"/>
						<line branch="false" hits="0" number="34"/>
						<line branch="false" hits="3" number="35"/>
					</lines>
				</class>
				<class branch-rate="0.0" complexity="0" filename="../../src/DisplayElement.cpp" line-rate="0.0" name="......src.DisplayElement.cpp">
					<methods>
						<method branch-rate="0.0" line-rate="0.0" name="_ZN14WeatherStation14DisplayElement7displayEv" signature="">
							<lines>
								<line branch="false" hits="0" number="4"/>
							</lines>
						</method>
					</methods>
					<lines>
						<line branch="false" hits="0" number="4"/>
						<line branch="false" hits="0" number="8"/>
					</lines>
				</class>
				<class branch-rate="0.0" complexity="0" filename="../../src/ForcastDisplay.cpp" line-rate="0.967741935483871" name="......src.ForcastDisplay.cpp">
					<methods>
						<method branch-rate="1.0" line-rate="1.0" name="_ZN14WeatherStation14ForcastDisplayC2EPNS_7SubjectE" signature="">
							<lines>
								<line branch="false" hits="1" number="6"/>
							</lines>
						</method>
						<method branch-rate="1.0" line-rate="1.0" name="_ZN14WeatherStation14ForcastDisplayD2Ev" signature="">
							<lines>
								<line branch="false" hits="1" number="13"/>
							</lines>
						</method>
						<method branch-rate="1.0" line-rate="1.0" name="_ZN14WeatherStation14ForcastDisplayD0Ev" signature="">
							<lines>
								<line branch="false" hits="1" number="13"/>
							</lines>
						</method>
						<method branch-rate="1.0" line-rate="1.0" name="_ZN14WeatherStation14ForcastDisplay6updateEfff" signature="">
							<lines>
								<line branch="false" hits="5" number="19"/>
							</lines>
						</method>
						<method branch-rate="1.0" line-rate="1.0" name="_ZN14WeatherStation14ForcastDisplay10getAverageERSt6vectorIfSaIfEE" signature="">
							<lines>
								<line branch="false" hits="3" number="29"/>
							</lines>
						</method>
						<method branch-rate="1.0" line-rate="1.0" name="_ZN14WeatherStation14ForcastDisplay6getSumERSt6vectorIfSaIfEE" signature="">
							<lines>
								<line branch="false" hits="6" number="50"/>
							</lines>
						</method>
						<method branch-rate="1.0" line-rate="1.0" name="_ZN14WeatherStation14ForcastDisplay14getSlopeOfLineERSt6vectorIfSaIfEES4_" signature="">
							<lines>
								<line branch="false" hits="3" number="63"/>
							</lines>
						</method>
						<method branch-rate="1.0" line-rate="1.0" name="_ZN14WeatherStation14ForcastDisplay10getForcastEv" signature="">
							<lines>
								<line branch="false" hits="5" number="81"/>
							</lines>
						</method>
						<method branch-rate="1.0" line-rate="1.0" name="_ZN14WeatherStation14ForcastDisplay36getSumOfTwoMultipliedTogetherVectorsERSt6vectorIfSaIfEES4_" signature="">
							<lines>
								<line branch="false" hits="6" number="124"/>
							</lines>
						</method>
						<method branch-rate="1.0" line-rate="1.0" name="_ZN14WeatherStation14ForcastDisplay7displayEv" signature="">
							<lines>
								<line branch="false" hits="5" number="143"/>
							</lines>
						</method>
						<method branch-rate="1.0" line-rate="1.0" name="_GLOBAL__sub_I__ZN14WeatherStation14ForcastDisplayC2EPNS_7SubjectE" signature="">
							<lines>
								<line branch="false" hits="1" number="147"/>
							</lines>
						</method>
						<method branch-rate="1.0" line-rate="1.0" name="_Z41__static_initialization_and_destruction_0ii" signature="">
							<lines>
								<line branch="false" hits="1" number="147"/>
							</lines>
						</method>
						<method branch-rate="0.0" line-rate="0.0" name="_GLOBAL__sub_D__ZN14WeatherStation14ForcastDisplayC2EPNS_7SubjectE" signature="">
							<lines>
								<line branch="false" hits="0" number="147"/>
							</lines>
						</method>
					</methods>
					<lines>
						<line branch="false" hits="1" number="6"/>
						<line branch="false" hits="1" number="8"/>
						<line branch="false" hits="1" number="9"/>
						<line branch="false" hits="1" number="11"/>
						<line branch="false" hits="2" number="13"/>
						<line branch="false" hits="2" number="17"/>
						<line branch="false" hits="5" number="19"/>
						<line branch="false" hits="5" number="21"/>
						<line branch="false" hits="5" number="22"/>
						<line branch="false" hits="5" number="23"/>
						<line branch="false" hits="5" number="24"/>
						<line branch="false" hits="5" number="25"/>
						<line branch="false" hits="5" number="26"/>
						<line branch="false" hits="5" number="27"/>
						<line branch="false" hits="3" number="29"/>
						<line branch="false" hits="3" number="32"/>
						<line branch="false" hits="3" number="33"/>
						<line branch="false" hits="18" number="35"/>
						<line branch="false" hits="15" number="37"/>
						<line branch="false" hits="3" number="40"/>
						<line branch="false" hits="3" number="42"/>
						<line branch="false" hits="3" number="46"/>
						<line branch="false" hits="6" number="50"/>
						<line branch="false" hits="6" number="53"/>
						<line branch="false" hits="30" number="55"/>
						<line branch="false" hits="24" number="57"/>
						<line branch="false" hits="6" number="60"/>
						<line branch="false" hits="3" number="63"/>
						<line branch="false" hits="3" number="67"/>
						<line branch="false" hits="3" number="68"/>
						<line branch="false" hits="3" number="69"/>
						<line branch="false" hits="3" number="70"/>
						<line branch="false" hits="3" number="71"/>
						<line branch="false" hits="3" number="73"/>
						<line branch="false" hits="3" number="75"/>
						<line branch="false" hits="3" number="77"/>
						<line branch="false" hits="5" number="81"/>
						<line branch="false" hits="5" number="84"/>
						<line branch="false" hits="10" number="87"/>
						<line branch="false" hits="10" number="88"/>
						<line branch="false" hits="5" number="90"/>
						<line branch="false" hits="3" number="95"/>
						<line branch="false" hits="3" number="96"/>
						<line branch="false" hits="3" number="97"/>
						<line branch="false" hits="3" number="98"/>
						<line branch="false" hits="3" number="99"/>
						<line branch="false" hits="0" number="101"/>
						<line branch="false" hits="3" number="104"/>
						<line branch="false" hits="3" number="105"/>
						<line branch="false" hits="3" number="108"/>
						<line branch="false" hits="0" number="113"/>
						<line branch="false" hits="10" number="119"/>
						<line branch="false" hits="6" number="124"/>
						<line branch="false" hits="6" number="128"/>
						<line branch="false" hits="6" number="130"/>
						<line branch="false" hits="30" number="133"/>
						<line branch="false" hits="24" number="135"/>
						<line branch="false" hits="6" number="139"/>
						<line branch="false" hits="5" number="143"/>
						<line branch="false" hits="5" number="145"/>
						<line branch="false" hits="5" number="146"/>
						<line branch="false" hits="3" number="147"/>
					</lines>
				</class>
				<class branch-rate="0.0" complexity="0" filename="../../src/WeatherData.cpp" line-rate="0.7142857142857143" name="......src.WeatherData.cpp">
					<methods>
						<method branch-rate="1.0" line-rate="1.0" name="_ZN14WeatherStation11WeatherDataC2Ev" signature="">
							<lines>
								<line branch="false" hits="2" number="10"/>
							</lines>
						</method>
						<method branch-rate="1.0" line-rate="1.0" name="_ZN14WeatherStation11WeatherDataD0Ev" signature="">
							<lines>
								<line branch="false" hits="2" number="16"/>
							</lines>
						</method>
						<method branch-rate="1.0" line-rate="1.0" name="_ZN14WeatherStation11WeatherDataD2Ev" signature="">
							<lines>
								<line branch="false" hits="2" number="16"/>
							</lines>
						</method>
						<method branch-rate="1.0" line-rate="1.0" name="_ZN14WeatherStation11WeatherData16registerObserverEPNS_8ObserverE" signature="">
							<lines>
								<line branch="false" hits="2" number="23"/>
							</lines>
						</method>
						<method branch-rate="0.0" line-rate="0.0" name="_ZN14WeatherStation11WeatherData14removeObserverEPNS_8ObserverE" signature="">
							<lines>
								<line branch="false" hits="0" number="29"/>
							</lines>
						</method>
						<method branch-rate="1.0" line-rate="1.0" name="_ZN14WeatherStation11WeatherData15notifyObserversEv" signature="">
							<lines>
								<line branch="false" hits="10" number="53"/>
							</lines>
						</method>
						<method branch-rate="1.0" line-rate="1.0" name="_ZN14WeatherStation11WeatherData15setMeasurementsEfff" signature="">
							<lines>
								<line branch="false" hits="10" number="67"/>
							</lines>
						</method>
						<method branch-rate="1.0" line-rate="1.0" name="_GLOBAL__sub_I__ZN14WeatherStation11WeatherDataC2Ev" signature="">
							<lines>
								<line branch="false" hits="1" number="78"/>
							</lines>
						</method>
						<method branch-rate="1.0" line-rate="1.0" name="_Z41__static_initialization_and_destruction_0ii" signature="">
							<lines>
								<line branch="false" hits="1" number="78"/>
							</lines>
						</method>
						<method branch-rate="0.0" line-rate="0.0" name="_GLOBAL__sub_D__ZN14WeatherStation11WeatherDataC2Ev" signature="">
							<lines>
								<line branch="false" hits="0" number="78"/>
							</lines>
						</method>
					</methods>
					<lines>
						<line branch="false" hits="2" number="10"/>
						<line branch="false" hits="2" number="14"/>
						<line branch="false" hits="4" number="16"/>
						<line branch="false" hits="4" number="20"/>
						<line branch="false" hits="2" number="23"/>
						<line branch="false" hits="2" number="25"/>
						<line branch="false" hits="2" number="26"/>
						<line branch="false" hits="0" number="29"/>
						<line branch="false" hits="0" number="36"/>
						<line branch="false" hits="0" number="39"/>
						<line branch="false" hits="0" number="41"/>
						<line branch="false" hits="0" number="44"/>
						<line branch="false" hits="0" number="46"/>
						<line branch="false" hits="0" number="47"/>
						<line branch="false" hits="0" number="51"/>
						<line branch="false" hits="10" number="53"/>
						<line branch="false" hits="10" number="56"/>
						<line branch="false" hits="20" number="58"/>
						<line branch="false" hits="10" number="61"/>
						<line branch="false" hits="10" number="65"/>
						<line branch="false" hits="10" number="67"/>
						<line branch="false" hits="10" number="69"/>
						<line branch="false" hits="10" number="70"/>
						<line branch="false" hits="10" number="71"/>
						<line branch="false" hits="10" number="72"/>
						<line branch="false" hits="10" number="73"/>
						<line branch="false" hits="10" number="74"/>
						<line branch="false" hits="3" number="78"/>
					</lines>
				</class>
			</classes>
		</package>
	</packages>
</coverage>
